SF:lib/core/utils/app_logger.dart
DA:14,6
DA:15,15
DA:18,4
DA:20,8
DA:23,4
DA:26,8
DA:30,0
DA:32,0
DA:35,0
DA:38,0
DA:42,3
DA:44,3
DA:47,3
DA:48,2
DA:51,6
DA:54,3
DA:59,4
DA:60,8
DA:61,4
DA:65,0
DA:66,0
DA:67,0
DA:71,0
DA:73,0
DA:74,0
DA:79,2
DA:81,4
DA:83,4
DA:84,4
DA:87,2
DA:88,2
DA:92,2
DA:93,2
DA:98,0
DA:99,0
DA:100,0
DA:101,0
LF:37
LH:23
end_of_record
SF:lib/core/di/injection_container.dart
DA:340,27
DA:342,0
DA:344,0
DA:345,0
DA:346,0
DA:347,0
DA:348,0
DA:349,0
DA:352,0
DA:353,0
DA:354,0
DA:357,0
DA:358,0
DA:360,0
DA:361,0
DA:363,0
DA:364,0
DA:367,0
DA:368,0
DA:372,0
DA:373,0
DA:374,0
DA:375,0
DA:376,0
DA:380,0
DA:381,0
DA:384,0
DA:385,0
DA:386,0
DA:387,0
DA:391,0
DA:392,0
DA:393,0
DA:398,0
DA:399,0
DA:400,0
DA:401,0
DA:402,0
DA:403,0
DA:404,0
DA:405,0
DA:406,0
DA:407,0
DA:408,0
DA:411,0
DA:412,0
DA:413,0
DA:414,0
DA:417,0
DA:418,0
DA:420,0
DA:421,0
DA:425,0
DA:426,0
DA:427,0
DA:428,0
DA:429,0
DA:430,0
DA:434,0
DA:435,0
DA:436,0
DA:437,0
DA:438,0
DA:439,0
DA:441,0
DA:442,0
DA:443,0
DA:444,0
DA:445,0
DA:446,0
DA:447,0
DA:448,0
DA:449,0
DA:450,0
DA:453,0
DA:454,0
DA:455,0
DA:456,0
DA:457,0
DA:459,0
DA:460,0
DA:461,0
DA:462,0
DA:463,0
DA:465,0
DA:466,0
DA:467,0
DA:468,0
DA:469,0
DA:471,0
DA:472,0
DA:473,0
DA:474,0
DA:476,0
DA:477,0
DA:478,0
DA:479,0
DA:480,0
DA:483,0
DA:484,0
DA:485,0
DA:486,0
DA:487,0
DA:488,0
DA:489,0
DA:490,0
DA:491,0
DA:492,0
DA:493,0
DA:496,0
DA:497,0
DA:498,0
DA:499,0
DA:500,0
DA:501,0
DA:502,0
DA:503,0
DA:504,0
DA:507,0
DA:508,0
DA:509,0
DA:510,0
DA:511,0
DA:512,0
DA:513,0
DA:514,0
DA:515,0
DA:516,0
DA:517,0
DA:520,0
DA:521,0
DA:522,0
DA:523,0
DA:526,0
DA:527,0
DA:528,0
DA:529,0
DA:530,0
DA:531,0
DA:534,0
DA:535,0
DA:536,0
DA:537,0
DA:539,0
DA:540,0
DA:541,0
DA:544,0
DA:545,0
DA:548,0
DA:549,0
DA:550,0
DA:551,0
DA:552,0
DA:555,0
DA:556,0
DA:557,0
DA:558,0
DA:559,0
DA:560,0
DA:561,0
DA:562,0
DA:563,0
DA:564,0
DA:565,0
DA:566,0
DA:568,0
DA:569,0
DA:570,0
DA:571,0
DA:572,0
DA:573,0
DA:574,0
DA:576,0
DA:577,0
DA:578,0
DA:579,0
DA:581,0
DA:582,0
DA:583,0
DA:584,0
DA:585,0
DA:586,0
DA:588,0
DA:589,0
DA:590,0
DA:591,0
DA:592,0
DA:593,0
DA:596,0
DA:597,0
DA:598,0
DA:599,0
DA:600,0
DA:601,0
DA:602,0
DA:603,0
DA:606,0
DA:607,0
DA:608,0
DA:609,0
DA:610,0
DA:611,0
DA:613,0
DA:614,0
DA:622,0
DA:623,0
DA:624,0
DA:625,0
DA:626,0
DA:627,0
DA:628,0
DA:629,0
DA:630,0
DA:631,0
DA:633,0
DA:634,0
DA:635,0
DA:636,0
DA:637,0
DA:638,0
DA:639,0
DA:640,0
DA:641,0
DA:642,0
DA:643,0
DA:644,0
DA:645,0
DA:646,0
DA:647,0
DA:648,0
DA:651,0
DA:652,0
DA:653,0
DA:654,0
DA:655,0
DA:656,0
DA:657,0
DA:659,0
DA:662,0
DA:663,0
DA:664,0
DA:665,0
DA:668,0
DA:669,0
DA:670,0
DA:673,0
DA:674,0
DA:677,0
DA:678,0
DA:679,0
DA:682,0
DA:683,0
DA:684,0
DA:685,0
DA:688,0
DA:689,0
DA:690,0
DA:691,0
DA:696,0
DA:697,0
DA:698,0
DA:703,0
DA:704,0
DA:705,0
DA:708,0
DA:709,0
DA:710,0
DA:711,0
DA:712,0
DA:713,0
DA:714,0
DA:717,0
DA:718,0
DA:719,0
DA:720,0
DA:721,0
DA:722,0
DA:725,0
DA:726,0
DA:727,0
DA:732,0
DA:733,0
DA:734,0
DA:735,0
DA:736,0
DA:740,0
DA:741,0
DA:742,0
DA:743,0
DA:747,0
DA:748,0
DA:749,0
DA:750,0
DA:754,0
DA:755,0
DA:756,0
DA:757,0
DA:761,0
DA:762,0
DA:763,0
DA:767,0
DA:768,0
DA:769,0
DA:770,0
DA:774,0
DA:775,0
DA:776,0
DA:777,0
DA:781,0
DA:782,0
DA:783,0
DA:784,0
DA:788,0
DA:789,0
DA:790,0
DA:791,0
DA:795,0
DA:796,0
DA:797,0
DA:798,0
DA:801,0
DA:802,0
DA:803,0
DA:804,0
DA:807,0
DA:808,0
DA:811,0
DA:812,0
DA:818,0
DA:819,0
DA:822,0
DA:823,0
DA:826,0
DA:827,0
DA:830,0
DA:831,0
DA:834,0
DA:835,0
DA:838,0
DA:839,0
DA:842,0
DA:843,0
DA:846,0
DA:847,0
DA:851,0
DA:852,0
DA:854,0
DA:855,0
DA:857,0
DA:858,0
DA:859,0
DA:860,0
DA:861,0
DA:862,0
DA:863,0
DA:864,0
DA:865,0
DA:866,0
DA:868,0
DA:869,0
DA:872,0
DA:873,0
DA:875,0
DA:876,0
DA:878,0
DA:879,0
DA:880,0
DA:882,0
DA:886,0
DA:887,0
DA:890,0
DA:891,0
LF:372
LH:1
end_of_record
SF:lib/features/rating/domain/entities/media_house.dart
DA:4,0
DA:13,1
DA:14,4
LF:3
LH:2
end_of_record
SF:lib/features/rating/domain/entities/review.dart
DA:21,0
DA:40,1
DA:41,1
DA:42,1
DA:43,1
DA:44,1
DA:45,1
LF:7
LH:6
end_of_record
SF:lib/core/error/failures.dart
DA:4,20
DA:7,5
DA:8,10
DA:12,0
DA:17,18
DA:21,5
DA:25,6
DA:29,0
DA:33,2
DA:37,1
LF:10
LH:8
end_of_record
SF:lib/features/rating/domain/usecases/get_media_houses.dart
DA:10,0
DA:12,0
DA:14,0
LF:3
LH:0
end_of_record
SF:lib/core/usecases/usecase.dart
DA:10,0
DA:11,0
LF:2
LH:0
end_of_record
SF:lib/features/rating/domain/usecases/get_reviews.dart
DA:11,0
DA:13,0
DA:15,0
DA:16,0
DA:17,0
DA:18,0
DA:19,0
DA:20,0
DA:21,0
DA:22,0
DA:23,0
DA:24,0
DA:40,1
DA:52,0
DA:53,0
DA:54,0
DA:55,0
DA:56,0
DA:57,0
DA:58,0
DA:59,0
DA:60,0
DA:61,0
DA:62,0
LF:24
LH:1
end_of_record
SF:lib/features/rating/presentation/bloc/rating/rating_bloc.dart
DA:17,1
DA:20,1
DA:21,2
DA:22,2
DA:23,2
DA:24,2
DA:27,1
DA:31,3
DA:34,3
DA:35,1
DA:36,1
DA:37,0
DA:38,1
DA:40,3
DA:41,1
DA:44,1
DA:48,2
DA:50,1
DA:51,3
DA:52,1
DA:55,4
DA:59,2
DA:60,2
DA:62,3
DA:66,1
DA:67,1
DA:68,1
DA:69,1
DA:70,1
DA:71,1
DA:74,1
DA:75,0
DA:76,0
DA:77,1
DA:78,1
DA:80,4
DA:82,3
DA:85,2
DA:91,1
DA:95,4
DA:96,4
DA:97,1
DA:100,0
DA:104,0
DA:105,0
LF:45
LH:39
end_of_record
SF:lib/features/rating/presentation/bloc/rating/rating_event.dart
DA:4,6
DA:6,0
DA:7,0
DA:16,5
DA:22,0
DA:24,0
DA:25,0
DA:31,0
DA:33,0
DA:34,0
LF:10
LH:2
end_of_record
SF:lib/features/rating/presentation/bloc/rating/rating_state.dart
DA:14,6
DA:24,1
DA:33,1
DA:34,1
DA:35,1
DA:36,1
DA:37,1
DA:38,1
DA:39,1
DA:40,1
DA:44,1
DA:45,1
DA:46,1
DA:47,1
DA:48,1
DA:49,1
DA:50,1
DA:51,1
DA:52,1
LF:19
LH:19
end_of_record
SF:lib/features/authentication/domain/entities/avatar.dart
DA:7,0
DA:12,0
DA:13,0
LF:3
LH:0
end_of_record
SF:lib/features/authentication/domain/entities/user.dart
DA:26,2
DA:50,2
DA:51,2
DA:52,2
DA:53,2
DA:54,2
DA:55,2
DA:56,2
DA:57,2
DA:58,2
DA:59,2
DA:60,2
DA:61,2
DA:62,2
DA:63,2
DA:64,2
DA:65,2
DA:66,2
DA:67,2
DA:68,2
DA:69,2
DA:70,2
DA:71,2
DA:72,2
LF:24
LH:24
end_of_record
SF:lib/features/authentication/domain/usecases/get_profile.dart
DA:10,0
DA:12,0
DA:14,0
LF:3
LH:0
end_of_record
SF:lib/features/dashboard/domain/entities/admin_detail.dart
DA:14,1
DA:26,0
DA:27,0
LF:3
LH:1
end_of_record
SF:lib/features/dashboard/domain/entities/student_beans_info.dart
DA:4,6
DA:14,2
DA:15,10
LF:3
LH:3
end_of_record
SF:lib/features/task/domain/entities/task_assigned_entity.dart
DA:8,2
DA:14,2
DA:15,8
DA:33,2
DA:49,2
DA:50,2
DA:51,2
DA:52,2
DA:53,2
DA:54,2
DA:55,2
DA:56,2
DA:57,2
DA:58,2
DA:59,2
DA:60,2
DA:61,2
DA:62,2
DA:63,2
DA:76,0
DA:86,2
DA:88,16
DA:95,0
DA:100,2
DA:101,6
DA:112,0
DA:121,0
DA:123,0
DA:135,2
DA:145,2
DA:147,16
LF:31
LH:26
end_of_record
SF:lib/features/dashboard/domain/usecases/activate_student_beans.dart
DA:7,0
DA:10,0
DA:12,0
LF:3
LH:0
end_of_record
SF:lib/features/dashboard/domain/usecases/add_device.dart
DA:10,0
DA:12,0
DA:14,0
DA:21,1
DA:23,0
DA:24,0
LF:6
LH:1
end_of_record
SF:lib/features/dashboard/domain/usecases/check_app_version.dart
DA:7,0
DA:10,0
DA:12,0
LF:3
LH:0
end_of_record
SF:lib/features/dashboard/domain/usecases/check_student_beans.dart
DA:10,0
DA:12,0
DA:14,0
LF:3
LH:0
end_of_record
SF:lib/features/dashboard/domain/usecases/get_active_admins.dart
DA:10,0
DA:12,0
DA:14,0
LF:3
LH:0
end_of_record
SF:lib/features/dashboard/domain/usecases/get_dashboard_task_detail.dart
DA:10,0
DA:12,0
DA:14,0
LF:3
LH:0
end_of_record
SF:lib/features/dashboard/domain/usecases/get_room_id.dart
DA:7,0
DA:10,0
DA:13,0
LF:3
LH:0
end_of_record
SF:lib/features/dashboard/domain/usecases/mark_student_beans_visited.dart
DA:7,0
DA:10,0
DA:12,0
LF:3
LH:0
end_of_record
SF:lib/features/dashboard/domain/usecases/update_location.dart
DA:10,0
DA:12,0
DA:14,0
DA:21,1
DA:23,0
DA:24,0
LF:6
LH:1
end_of_record
SF:lib/features/dashboard/presentation/bloc/dashboard_bloc.dart
DA:28,1
DA:39,2
DA:40,2
DA:41,2
DA:42,2
DA:43,2
DA:44,2
DA:45,2
DA:46,2
DA:47,2
DA:48,2
DA:49,2
DA:50,2
DA:53,1
DA:57,3
DA:58,1
DA:59,2
DA:60,3
DA:64,1
DA:68,4
DA:69,1
DA:70,0
DA:71,3
DA:75,1
DA:79,4
DA:80,1
DA:81,0
DA:82,3
DA:86,1
DA:90,2
DA:91,3
DA:92,1
DA:93,0
DA:94,3
DA:98,1
DA:102,3
DA:103,1
DA:104,0
DA:105,3
DA:109,1
DA:113,3
DA:114,1
DA:115,0
DA:116,3
DA:120,1
DA:124,3
DA:125,1
DA:126,0
DA:127,0
DA:128,3
DA:132,1
DA:136,3
DA:137,1
DA:138,0
DA:139,3
DA:143,1
DA:147,3
DA:150,1
DA:154,3
DA:155,1
DA:156,0
DA:157,3
DA:161,1
DA:165,3
DA:166,1
DA:167,0
DA:168,3
LF:67
LH:57
end_of_record
SF:lib/features/dashboard/presentation/bloc/dashboard_event.dart
DA:4,0
DA:6,0
DA:7,0
DA:11,0
DA:17,0
DA:19,0
DA:20,0
DA:26,0
DA:28,0
DA:29,0
DA:35,0
DA:37,0
DA:38,0
DA:44,0
DA:46,0
DA:47,0
DA:51,0
DA:55,0
DA:59,0
DA:65,0
DA:67,0
DA:68,0
DA:72,0
DA:76,0
LF:24
LH:0
end_of_record
SF:lib/features/dashboard/presentation/bloc/dashboard_state.dart
DA:8,7
DA:10,1
DA:11,1
DA:21,1
DA:23,1
DA:24,2
DA:34,1
DA:36,1
DA:37,2
DA:43,1
DA:45,1
DA:46,2
DA:52,1
DA:54,1
DA:55,2
DA:61,1
DA:63,1
DA:64,2
DA:70,1
DA:72,1
DA:73,2
DA:79,1
DA:81,1
DA:82,2
DA:88,5
DA:90,1
DA:91,2
DA:97,1
DA:99,1
DA:100,2
LF:30
LH:30
end_of_record
SF:lib/app.dart
DA:22,5
DA:24,0
DA:26,0
DA:27,0
DA:28,0
DA:29,0
DA:30,0
DA:32,0
DA:33,0
DA:34,0
DA:35,0
DA:36,0
DA:37,0
DA:38,0
DA:43,0
DA:44,0
DA:48,0
DA:49,0
DA:50,0
DA:52,0
DA:63,0
DA:65,0
DA:66,0
DA:70,0
DA:71,0
DA:73,0
DA:75,0
DA:76,0
DA:83,0
DA:85,0
DA:86,0
DA:93,0
DA:95,0
DA:96,0
DA:97,0
DA:98,0
DA:101,0
DA:102,0
DA:103,0
DA:107,0
DA:108,0
DA:110,0
DA:111,0
DA:114,0
DA:116,0
DA:118,0
DA:121,0
DA:125,0
DA:126,0
DA:127,0
DA:129,0
DA:131,0
DA:132,0
DA:133,0
DA:134,0
DA:138,0
DA:139,0
DA:142,0
DA:143,0
DA:144,0
DA:153,0
DA:154,0
DA:155,0
DA:156,0
DA:159,0
DA:161,0
DA:162,0
DA:166,0
DA:167,0
DA:168,0
DA:169,0
DA:170,0
DA:172,0
DA:176,0
DA:178,0
DA:179,0
DA:182,0
DA:184,0
LF:78
LH:1
end_of_record
SF:lib/core/widgets/common_widgets.dart
DA:11,0
DA:13,0
DA:14,0
DA:15,0
DA:18,0
DA:20,0
DA:21,0
DA:22,0
DA:33,0
DA:35,0
DA:37,0
DA:41,0
DA:43,0
DA:48,0
DA:50,0
DA:54,0
DA:55,0
DA:56,0
DA:60,0
DA:61,0
DA:62,0
DA:63,0
DA:65,0
DA:66,0
DA:67,0
DA:69,0
DA:72,0
DA:74,0
DA:84,0
DA:85,0
DA:86,0
DA:87,0
DA:91,0
DA:92,0
DA:93,0
DA:94,0
DA:95,0
DA:96,0
DA:97,0
DA:98,0
DA:99,0
DA:101,0
DA:108,0
DA:110,0
DA:118,0
DA:119,0
DA:120,0
DA:121,0
DA:133,0
DA:134,0
DA:135,0
DA:136,0
DA:137,0
DA:138,0
DA:139,0
DA:140,0
DA:141,0
DA:142,0
DA:143,0
DA:145,0
DA:148,0
DA:149,0
DA:150,0
DA:151,0
DA:153,0
DA:158,0
DA:159,0
DA:161,0
DA:163,0
DA:165,0
DA:169,0
DA:170,0
DA:171,0
DA:172,0
DA:173,0
DA:174,0
DA:175,0
DA:184,0
DA:186,0
DA:188,0
DA:190,0
DA:191,0
DA:192,0
DA:193,0
DA:194,0
DA:195,0
DA:197,0
DA:198,0
DA:199,0
DA:201,0
DA:202,0
DA:203,0
DA:209,0
DA:211,0
DA:213,0
DA:215,0
DA:216,0
DA:217,0
DA:218,0
DA:219,0
DA:220,0
DA:222,0
DA:223,0
DA:224,0
DA:226,0
DA:227,0
DA:228,0
LF:107
LH:0
end_of_record
SF:lib/core/analytics/analytics_helper.dart
DA:23,7
DA:25,14
DA:32,0
DA:33,0
DA:35,0
DA:37,0
DA:45,2
DA:51,2
DA:52,2
DA:53,2
DA:54,6
DA:55,2
DA:58,2
DA:60,0
DA:68,4
DA:69,4
DA:73,0
DA:82,0
DA:87,0
DA:88,0
DA:89,0
DA:90,0
DA:93,0
DA:95,0
DA:102,0
DA:103,0
DA:107,0
DA:116,6
DA:121,6
DA:122,18
DA:123,6
DA:126,6
DA:128,4
DA:135,12
DA:136,12
DA:140,0
DA:150,0
DA:156,0
DA:157,0
DA:158,0
DA:159,0
DA:160,0
DA:163,0
DA:165,0
DA:172,0
DA:173,0
DA:177,0
DA:187,0
DA:193,0
DA:194,0
DA:195,0
DA:196,0
DA:197,0
DA:200,0
DA:202,0
DA:209,0
DA:210,0
DA:214,0
DA:223,0
DA:228,0
DA:229,0
DA:230,0
DA:231,0
DA:234,0
DA:236,0
DA:243,0
DA:244,0
DA:248,0
DA:258,0
DA:265,0
DA:266,0
DA:267,0
DA:268,0
DA:269,0
DA:270,0
DA:273,0
DA:275,0
DA:282,0
DA:283,0
DA:287,0
DA:297,0
DA:303,0
DA:304,0
DA:305,0
DA:306,0
DA:307,0
DA:310,0
DA:312,0
DA:319,0
DA:320,0
DA:321,0
DA:325,0
DA:335,3
DA:341,3
DA:342,3
DA:343,3
DA:344,9
DA:345,0
DA:348,3
DA:350,3
DA:357,6
DA:358,6
DA:362,0
DA:371,0
DA:376,0
DA:378,0
DA:382,0
DA:383,0
DA:384,0
DA:385,0
DA:391,0
DA:392,0
DA:393,0
DA:397,0
DA:406,0
DA:411,0
DA:412,0
DA:413,0
DA:414,0
DA:417,0
DA:419,0
DA:426,0
DA:427,0
DA:431,0
DA:439,0
DA:441,0
DA:442,0
DA:443,0
DA:445,0
LF:129
LH:28
end_of_record
SF:lib/core/analytics/analytics_mixin.dart
DA:9,6
DA:12,1
DA:17,2
DA:19,2
DA:20,4
DA:23,6
DA:24,2
DA:28,2
DA:31,2
DA:32,6
DA:33,2
DA:35,2
DA:39,2
DA:40,2
DA:41,2
DA:42,2
DA:43,2
DA:44,6
DA:45,2
DA:51,2
DA:52,2
DA:54,2
DA:55,4
DA:56,4
DA:57,4
DA:58,4
DA:59,6
DA:60,2
DA:66,0
DA:67,0
DA:69,0
DA:70,0
DA:71,0
DA:72,0
DA:78,0
DA:79,0
DA:81,0
DA:82,0
DA:83,0
DA:84,0
DA:102,0
DA:114,0
DA:115,0
DA:120,0
DA:121,0
DA:123,0
DA:124,0
DA:126,0
DA:127,0
DA:129,0
DA:131,0
DA:150,0
DA:152,0
DA:153,0
DA:156,0
DA:158,0
DA:159,0
DA:162,0
DA:164,0
DA:165,0
DA:168,0
DA:170,0
DA:171,0
DA:173,0
DA:175,0
DA:179,0
LF:66
LH:28
end_of_record
SF:lib/core/services/force_update_service.dart
DA:12,0
DA:13,0
DA:14,0
DA:16,0
DA:21,0
DA:22,0
DA:24,0
DA:25,0
DA:27,0
DA:29,0
DA:34,0
DA:38,0
DA:40,0
DA:43,0
DA:44,0
DA:48,0
DA:49,0
DA:50,0
DA:51,0
DA:52,0
DA:54,0
DA:56,0
DA:59,0
DA:61,0
DA:62,0
DA:63,0
DA:64,0
DA:66,0
DA:67,0
DA:68,0
DA:70,0
DA:72,0
DA:82,0
DA:83,0
DA:84,0
DA:92,0
DA:95,0
DA:96,0
DA:97,0
DA:99,0
DA:101,0
DA:103,0
DA:104,0
DA:105,0
DA:106,0
DA:109,0
DA:110,0
DA:111,0
DA:113,0
DA:115,0
DA:116,0
DA:122,0
DA:125,0
DA:126,0
DA:128,0
DA:130,0
DA:139,0
DA:142,0
DA:143,0
DA:144,0
DA:145,0
DA:148,0
DA:149,0
DA:154,0
LF:64
LH:0
end_of_record
SF:lib/features/splash/data/repositories/force_update_repositor.dart
DA:14,0
DA:15,0
DA:16,0
DA:17,0
DA:18,0
DA:25,0
DA:27,0
DA:29,0
DA:31,0
DA:34,0
DA:36,0
DA:37,0
DA:38,0
DA:40,0
DA:47,0
DA:48,0
DA:51,0
DA:55,0
DA:56,0
DA:59,0
DA:72,0
DA:73,0
DA:76,0
DA:77,0
DA:80,0
DA:82,0
DA:83,0
DA:84,0
DA:92,0
DA:95,0
DA:96,0
DA:97,0
DA:101,0
DA:103,0
DA:105,0
DA:107,0
DA:112,0
DA:113,0
DA:114,0
DA:116,0
DA:117,0
DA:118,0
DA:119,0
DA:122,0
DA:124,0
LF:45
LH:0
end_of_record
SF:lib/features/splash/presentation/pages/splash_screen.dart
DA:26,5
DA:28,0
DA:29,0
DA:34,0
DA:43,0
DA:45,0
DA:46,0
DA:47,0
DA:48,0
DA:49,0
DA:50,0
DA:54,0
DA:56,0
DA:57,0
DA:58,0
DA:59,0
DA:62,0
DA:63,0
DA:65,0
DA:66,0
DA:67,0
DA:68,0
DA:69,0
DA:70,0
DA:71,0
DA:72,0
DA:73,0
DA:74,0
DA:76,0
DA:78,0
DA:81,0
DA:85,0
DA:87,0
DA:88,0
DA:91,0
DA:93,0
DA:94,0
DA:95,0
DA:96,0
DA:97,0
DA:98,0
DA:99,0
DA:100,0
DA:102,0
DA:104,0
DA:105,0
DA:108,0
DA:110,0
DA:111,0
DA:112,0
DA:114,0
DA:115,0
DA:117,0
DA:118,0
DA:119,0
DA:121,0
DA:122,0
DA:124,0
DA:125,0
DA:126,0
DA:128,0
DA:129,0
DA:130,0
DA:131,0
DA:135,0
DA:136,0
DA:138,0
DA:139,0
DA:140,0
DA:141,0
DA:143,0
DA:144,0
DA:147,0
DA:148,0
DA:149,0
DA:150,0
DA:151,0
DA:152,0
DA:153,0
DA:154,0
DA:156,0
DA:167,0
DA:168,0
DA:169,0
DA:170,0
DA:171,0
DA:172,0
DA:173,0
DA:174,0
DA:175,0
DA:176,0
DA:177,0
DA:178,0
DA:179,0
DA:180,0
DA:181,0
DA:187,0
DA:189,0
DA:190,0
DA:191,0
DA:192,0
DA:194,0
DA:196,0
DA:203,0
DA:205,0
DA:206,0
DA:208,0
DA:209,0
DA:210,0
DA:211,0
DA:213,0
DA:214,0
DA:218,0
DA:219,0
DA:220,0
DA:222,0
DA:224,0
DA:231,0
DA:232,0
DA:234,0
DA:237,0
DA:238,0
DA:239,0
DA:250,0
DA:251,0
DA:252,0
DA:253,0
DA:257,0
DA:258,0
DA:260,0
DA:261,0
DA:265,0
DA:267,0
DA:270,0
DA:271,0
DA:272,0
DA:273,0
DA:276,0
DA:277,0
DA:278,0
DA:279,0
DA:281,0
DA:282,0
DA:283,0
DA:285,0
LF:145
LH:1
end_of_record
SF:lib/main.dart
DA:16,9
DA:17,0
DA:21,0
DA:25,1
DA:26,0
DA:27,0
DA:29,0
DA:30,0
DA:31,0
DA:33,0
DA:34,0
DA:35,0
DA:36,0
DA:37,0
DA:38,0
DA:39,0
DA:40,0
DA:41,0
DA:42,0
DA:43,0
DA:45,0
DA:46,0
DA:47,0
DA:48,0
DA:49,0
DA:51,0
DA:54,0
DA:57,0
DA:61,0
DA:64,0
DA:71,0
LF:31
LH:2
end_of_record
SF:lib/features/task/presentation/bloc/task_bloc.dart
DA:30,1
DA:41,2
DA:42,2
DA:43,2
DA:44,2
DA:45,2
DA:46,2
DA:47,2
DA:48,2
DA:49,2
DA:50,2
DA:51,2
DA:52,1
DA:53,1
DA:56,1
DA:58,2
DA:59,3
DA:60,1
DA:61,4
DA:62,3
DA:66,1
DA:68,2
DA:69,3
DA:70,1
DA:71,1
DA:72,1
DA:74,1
DA:75,0
DA:76,0
DA:78,0
DA:80,1
DA:81,2
DA:84,2
DA:85,1
DA:86,1
DA:88,4
DA:93,0
DA:95,0
DA:96,0
DA:97,0
DA:98,0
DA:99,0
DA:101,0
DA:102,0
DA:103,0
DA:107,0
DA:109,0
DA:110,0
DA:111,0
DA:112,0
DA:113,0
DA:115,0
DA:117,0
DA:118,0
DA:119,0
DA:120,0
DA:121,0
DA:122,0
DA:125,0
DA:130,1
DA:138,3
DA:139,1
DA:140,1
DA:141,1
DA:142,1
DA:145,1
DA:146,0
DA:147,3
DA:151,1
DA:153,2
DA:154,2
DA:155,3
DA:156,1
DA:157,0
DA:158,3
DA:162,0
DA:164,0
DA:165,0
DA:166,0
DA:167,0
DA:171,0
DA:173,0
DA:174,0
DA:175,0
DA:177,0
DA:178,0
DA:179,0
DA:183,1
DA:186,2
DA:187,0
DA:188,0
DA:189,0
DA:190,0
DA:192,0
DA:196,1
DA:199,3
DA:201,1
DA:202,2
DA:205,1
DA:206,0
DA:207,0
DA:208,0
DA:210,0
DA:212,3
DA:214,1
DA:216,1
DA:221,1
DA:224,2
DA:225,0
DA:226,0
DA:227,0
DA:228,0
DA:229,0
DA:234,1
DA:237,4
DA:239,1
DA:240,0
DA:241,0
DA:242,0
DA:243,0
DA:246,3
DA:247,1
DA:249,1
DA:255,0
DA:257,0
DA:258,0
DA:259,0
DA:260,0
DA:261,0
LF:129
LH:65
end_of_record
SF:lib/features/earning/presentation/bloc/earning_bloc.dart
DA:14,1
DA:18,1
DA:19,2
DA:20,2
DA:21,2
DA:22,2
DA:23,2
DA:26,1
DA:28,3
DA:30,2
DA:31,3
DA:33,1
DA:34,0
DA:35,0
DA:36,1
DA:37,3
DA:45,1
DA:47,2
DA:48,3
DA:51,4
DA:53,1
DA:54,0
DA:55,0
DA:56,1
DA:57,1
DA:58,1
DA:65,3
DA:67,3
DA:69,2
DA:77,0
DA:79,0
DA:80,0
DA:83,0
DA:85,0
DA:86,0
DA:87,0
DA:88,0
DA:89,0
DA:91,0
DA:93,0
DA:100,0
DA:101,0
DA:104,0
DA:105,0
LF:44
LH:25
end_of_record
SF:lib/core/analytics/analytics_constants.dart
DA:126,0
DA:215,0
DA:216,0
LF:3
LH:0
end_of_record
SF:lib/core/api/api_client.dart
DA:15,1
DA:16,4
DA:17,3
DA:18,3
DA:21,3
DA:22,1
DA:23,1
DA:24,1
DA:25,1
DA:31,4
DA:38,0
DA:40,1
DA:43,2
DA:44,2
DA:47,1
DA:63,3
DA:65,0
DA:70,5
DA:71,1
DA:74,2
DA:75,1
DA:76,2
DA:77,1
DA:79,2
DA:83,2
DA:85,1
DA:86,3
DA:89,3
DA:91,0
DA:94,2
DA:95,2
DA:96,2
DA:98,1
DA:101,0
DA:105,0
DA:106,0
DA:109,1
DA:113,1
DA:114,1
DA:230,2
DA:233,1
DA:235,1
DA:236,6
DA:240,1
DA:241,1
DA:242,1
DA:243,1
DA:244,1
DA:245,1
DA:248,1
DA:251,1
DA:253,2
DA:254,3
DA:256,2
DA:257,0
DA:258,0
DA:262,1
DA:263,0
DA:264,0
DA:265,0
DA:266,0
DA:268,0
DA:272,2
DA:273,2
DA:275,0
DA:279,0
DA:280,0
DA:281,0
DA:282,0
DA:283,0
DA:284,0
DA:285,0
DA:288,0
DA:294,0
DA:295,0
DA:297,0
DA:300,0
DA:307,0
DA:316,0
DA:317,0
DA:319,0
DA:322,0
DA:332,0
DA:341,0
DA:342,0
DA:344,0
DA:347,0
DA:357,0
DA:366,0
DA:367,0
DA:369,0
DA:372,0
DA:382,0
DA:389,0
DA:390,0
DA:392,0
DA:395,0
DA:403,0
DA:410,0
DA:411,0
DA:413,0
DA:416,0
DA:420,0
DA:426,0
DA:427,0
DA:429,0
DA:432,0
DA:437,0
DA:442,0
DA:446,0
DA:447,0
DA:448,0
DA:449,0
DA:450,0
DA:451,0
DA:453,0
DA:455,0
DA:458,0
DA:463,0
DA:467,0
DA:468,0
DA:469,0
DA:470,0
DA:472,0
DA:474,0
DA:477,0
DA:482,0
DA:486,0
DA:487,0
DA:488,0
DA:489,0
DA:490,0
DA:492,0
DA:494,0
DA:498,0
DA:499,0
DA:500,0
DA:501,0
DA:502,0
DA:503,0
DA:508,0
DA:509,0
DA:524,0
DA:525,0
DA:527,0
DA:529,0
DA:532,0
DA:536,0
DA:538,0
DA:539,0
DA:544,0
DA:546,0
LF:152
LH:51
end_of_record
SF:lib/core/error/api_error_handler.dart
DA:7,10
DA:8,10
DA:10,4
DA:11,2
DA:12,2
DA:14,2
DA:15,0
DA:16,2
DA:17,0
DA:18,2
DA:19,2
DA:21,2
DA:25,2
DA:26,2
DA:27,2
DA:28,2
DA:29,2
DA:31,2
DA:33,2
DA:34,0
DA:35,2
DA:37,2
DA:39,2
DA:44,0
DA:45,0
DA:46,0
DA:50,0
DA:51,0
DA:52,0
DA:53,0
DA:54,0
DA:55,0
DA:56,0
DA:60,0
DA:65,0
DA:66,0
DA:68,0
DA:69,0
DA:70,0
DA:71,0
DA:72,0
DA:73,0
DA:77,0
DA:81,0
DA:85,0
DA:86,0
DA:92,0
DA:93,0
DA:99,0
DA:102,0
DA:107,0
DA:109,0
DA:112,0
DA:114,0
DA:116,0
DA:118,0
DA:120,0
DA:122,0
DA:124,0
DA:126,0
DA:129,0
DA:132,0
DA:133,0
DA:137,1
DA:138,3
LF:65
LH:22
end_of_record
SF:lib/core/widgets/global_loader.dart
DA:9,1
DA:10,2
DA:11,6
DA:12,1
DA:15,2
DA:16,0
DA:17,0
DA:20,0
DA:21,0
DA:22,0
DA:23,0
DA:24,0
DA:25,0
DA:28,0
DA:38,1
DA:39,1
DA:40,1
DA:43,1
DA:45,0
DA:47,0
DA:57,0
DA:61,0
DA:62,0
LF:23
LH:9
end_of_record
SF:lib/core/api/api_constant.dart
DA:165,0
DA:167,0
DA:174,0
DA:176,0
DA:183,0
LF:5
LH:0
end_of_record
SF:lib/core/api/api_constant_new.dart
DA:5,0
DA:17,5
DA:19,1
DA:23,0
DA:24,0
DA:26,0
DA:29,0
DA:31,0
DA:35,0
DA:36,0
DA:37,0
DA:38,0
DA:40,0
DA:42,0
DA:44,0
DA:48,0
DA:50,0
DA:57,0
DA:59,0
DA:66,0
DA:72,5
DA:94,5
DA:124,5
DA:153,5
DA:168,5
DA:185,5
DA:205,5
LF:27
LH:9
end_of_record
SF:lib/core/api/network_info.dart
DA:8,1
DA:11,1
DA:12,2
LF:3
LH:3
end_of_record
SF:lib/features/task/data/models/task_models.dart
DA:18,0
DA:31,0
DA:32,0
DA:33,0
DA:34,0
DA:35,0
DA:36,0
DA:38,0
DA:39,0
DA:40,0
DA:41,0
DA:42,0
DA:43,0
DA:44,0
DA:45,0
DA:46,0
DA:51,0
DA:64,0
DA:65,0
DA:66,0
DA:67,0
DA:68,0
DA:69,0
DA:70,0
DA:71,0
DA:72,0
DA:73,0
DA:74,0
DA:75,0
DA:81,0
DA:121,0
DA:123,0
DA:125,0
DA:126,0
DA:127,0
DA:129,0
DA:130,0
DA:136,0
DA:137,0
DA:138,0
DA:140,0
DA:143,0
DA:144,0
DA:145,0
DA:146,0
DA:147,0
DA:148,0
DA:156,0
DA:157,0
DA:158,0
DA:159,0
DA:160,0
DA:161,0
DA:162,0
DA:163,0
DA:164,0
DA:165,0
DA:169,0
DA:170,0
DA:171,0
DA:174,0
DA:178,0
DA:179,0
DA:181,0
DA:182,0
DA:183,0
DA:185,0
DA:186,0
DA:187,0
DA:189,0
DA:190,0
DA:191,0
DA:192,0
DA:193,0
DA:194,0
DA:195,0
DA:197,0
DA:198,0
DA:199,0
DA:201,0
DA:202,0
DA:203,0
DA:205,0
DA:206,0
DA:207,0
DA:209,0
DA:210,0
DA:211,0
DA:213,0
DA:214,0
DA:215,0
DA:216,0
DA:217,0
DA:218,0
DA:219,0
DA:220,0
DA:222,0
DA:223,0
DA:224,0
DA:225,0
DA:227,0
DA:228,0
DA:229,0
DA:230,0
DA:231,0
DA:232,0
DA:242,0
DA:243,0
DA:244,0
DA:245,0
DA:246,0
DA:247,0
DA:248,0
DA:249,0
DA:250,0
DA:251,0
DA:252,0
DA:253,0
DA:254,0
DA:255,0
DA:256,0
DA:257,0
DA:258,0
DA:259,0
DA:260,0
DA:261,0
DA:262,0
DA:263,0
DA:264,0
DA:265,0
DA:266,0
DA:267,0
DA:268,0
DA:269,0
DA:270,0
DA:271,0
DA:272,0
DA:273,0
DA:274,0
DA:275,0
DA:276,0
DA:277,0
DA:278,0
DA:279,0
DA:280,0
LF:145
LH:0
end_of_record
SF:lib/features/task/data/models/manage_task_chat_model.dart
DA:33,0
DA:34,0
DA:35,0
DA:36,0
DA:37,0
DA:39,0
DA:41,0
DA:42,0
DA:43,0
DA:44,0
DA:47,0
DA:48,0
DA:50,0
DA:51,0
DA:52,0
DA:53,0
DA:56,0
DA:57,0
DA:58,0
DA:59,0
DA:60,0
DA:61,0
DA:62,0
DA:63,0
DA:64,0
DA:65,0
DA:66,0
DA:67,0
DA:68,0
DA:70,0
DA:71,0
DA:72,0
DA:73,0
DA:74,0
DA:75,0
DA:76,0
DA:77,0
DA:80,0
DA:81,0
DA:82,0
DA:83,0
DA:84,0
DA:86,0
DA:87,0
DA:88,0
DA:89,0
DA:90,0
DA:92,0
DA:95,0
DA:96,0
DA:97,0
DA:99,0
DA:100,0
DA:101,0
DA:105,0
DA:106,0
DA:107,0
DA:108,0
DA:109,0
DA:110,0
DA:112,0
DA:113,0
DA:115,0
DA:116,0
DA:117,0
DA:119,0
LF:66
LH:0
end_of_record
SF:lib/core/models/admin_detail_model.dart
DA:2,0
DA:14,0
DA:15,0
DA:16,0
DA:17,0
DA:18,0
DA:19,0
DA:20,0
DA:21,0
DA:22,0
DA:23,0
DA:24,0
DA:25,0
DA:26,0
DA:27,0
LF:15
LH:0
end_of_record
SF:lib/core/models/publication_model.dart
DA:3,0
DA:4,0
DA:5,0
DA:7,0
DA:8,0
DA:9,0
DA:11,0
DA:12,0
DA:13,0
LF:9
LH:0
end_of_record
SF:lib/features/bank/data/models/bank_model.dart
DA:2,0
LF:1
LH:0
end_of_record
SF:lib/core/constants/api_response.dart
DA:6,1
DA:12,1
DA:16,1
DA:17,1
DA:18,1
DA:19,3
DA:23,0
DA:26,0
DA:27,0
DA:28,0
DA:29,0
LF:11
LH:6
end_of_record
SF:lib/core/constants/regex_constants.dart
DA:2,0
DA:3,0
DA:5,0
DA:8,0
LF:4
LH:0
end_of_record
SF:lib/core/constants/string_constants.dart
DA:454,0
LF:1
LH:0
end_of_record
SF:lib/core/utils/shared_preferences.dart
DA:78,0
DA:80,0
LF:2
LH:0
end_of_record
SF:lib/core/utils/date_time_utils.dart
DA:4,0
DA:5,0
DA:6,0
DA:7,0
DA:8,0
DA:9,0
DA:10,0
DA:14,0
DA:21,0
DA:22,0
DA:24,0
DA:25,0
DA:27,0
DA:28,0
DA:30,0
DA:31,0
DA:34,0
DA:35,0
DA:36,0
DA:37,0
DA:38,0
DA:42,0
DA:46,0
DA:51,0
DA:52,0
DA:53,0
DA:54,0
DA:55,0
DA:56,0
DA:57,0
DA:58,0
DA:60,0
DA:61,0
DA:62,0
DA:64,0
DA:65,0
DA:67,0
DA:68,0
DA:70,0
DA:72,0
LF:40
LH:0
end_of_record
SF:lib/core/utils/ui_utils.dart
DA:13,0
DA:17,0
DA:18,0
DA:21,0
DA:22,0
DA:24,0
DA:25,0
DA:26,0
DA:29,0
DA:31,0
DA:34,0
DA:35,0
DA:46,4
DA:48,2
DA:54,2
DA:62,0
DA:63,0
DA:66,0
DA:70,0
DA:71,0
DA:72,0
DA:73,0
DA:76,0
DA:82,0
DA:83,0
DA:88,0
DA:91,0
DA:96,0
DA:99,0
DA:100,0
DA:101,0
DA:102,0
DA:105,0
DA:106,0
DA:107,0
DA:110,0
DA:116,0
DA:117,0
DA:118,0
DA:119,0
DA:121,0
DA:125,0
DA:126,0
DA:127,0
DA:129,0
DA:130,0
DA:132,0
LF:47
LH:3
end_of_record
SF:lib/core/utils/common_utils.dart
DA:4,0
DA:5,0
DA:7,0
DA:8,0
DA:10,0
DA:13,0
DA:15,0
DA:17,0
DA:18,0
DA:20,0
DA:23,0
DA:24,0
DA:29,0
DA:30,0
DA:31,0
DA:34,1
DA:36,1
DA:37,1
DA:39,1
DA:40,0
DA:41,0
DA:42,0
DA:43,0
DA:45,0
DA:47,0
DA:48,0
DA:49,0
DA:54,0
DA:58,1
DA:59,0
DA:65,1
DA:67,0
DA:69,0
DA:71,0
DA:72,0
DA:76,0
DA:78,0
DA:79,0
DA:81,0
LF:39
LH:6
end_of_record
SF:lib/core/utils/extensions.dart
DA:2,8
DA:3,8
DA:5,0
DA:6,0
DA:7,0
DA:11,0
DA:12,0
DA:20,0
DA:23,0
DA:24,0
DA:25,0
DA:30,0
DA:31,0
DA:32,0
DA:33,0
LF:15
LH:2
end_of_record
SF:lib/core/utils/permission_handler.dart
DA:11,0
DA:12,0
DA:15,0
DA:17,0
DA:21,0
DA:29,0
DA:30,0
DA:32,0
DA:34,0
DA:35,0
DA:36,0
DA:38,0
DA:39,0
DA:43,0
DA:46,0
DA:50,0
DA:55,0
DA:99,0
DA:100,0
DA:102,0
DA:103,0
DA:105,0
DA:108,0
DA:111,0
DA:112,0
DA:114,0
DA:116,0
DA:119,0
DA:120,0
DA:124,0
DA:125,0
DA:130,0
DA:131,0
DA:141,0
DA:144,0
DA:146,0
DA:148,0
DA:151,0
DA:154,0
DA:155,0
DA:159,0
DA:160,0
DA:165,0
DA:166,0
DA:176,0
DA:177,0
DA:180,0
DA:182,0
DA:183,0
DA:186,0
DA:189,0
DA:191,0
DA:194,0
DA:205,0
DA:207,0
DA:209,0
DA:210,0
DA:211,0
DA:212,0
DA:213,0
DA:216,0
DA:217,0
DA:219,0
DA:221,0
DA:222,0
LF:65
LH:0
end_of_record
SF:lib/core/services/location_service.dart
DA:13,0
DA:14,0
DA:15,0
DA:17,0
DA:20,0
DA:22,0
DA:24,0
DA:28,0
DA:29,0
DA:30,0
DA:31,0
DA:33,0
DA:34,0
DA:36,0
DA:37,0
DA:39,0
DA:46,0
DA:48,0
DA:65,0
DA:66,0
DA:68,0
DA:76,0
DA:79,0
DA:84,0
DA:91,0
DA:92,0
DA:94,0
DA:99,0
DA:101,0
DA:105,0
DA:108,0
DA:109,0
DA:111,0
DA:112,0
DA:113,0
DA:117,0
DA:119,0
LF:37
LH:0
end_of_record
SF:lib/core/services/local_notification_service.dart
DA:13,0
DA:16,0
DA:17,0
DA:18,0
DA:20,0
DA:21,0
DA:22,0
DA:23,0
DA:26,0
DA:29,0
DA:30,0
DA:32,0
DA:33,0
DA:40,0
DA:67,0
DA:70,0
DA:71,0
DA:72,0
DA:73,0
DA:75,0
DA:76,0
DA:80,0
DA:83,0
DA:84,0
DA:92,0
DA:93,0
DA:110,0
DA:112,0
DA:113,0
DA:114,0
DA:116,0
DA:118,0
DA:119,0
DA:121,0
DA:132,0
DA:150,0
DA:155,0
DA:157,0
DA:158,0
DA:159,0
DA:160,0
DA:161,0
DA:162,0
DA:163,0
DA:164,0
DA:166,0
DA:167,0
DA:168,0
DA:169,0
DA:172,0
DA:173,0
DA:175,0
DA:176,0
DA:177,0
DA:178,0
DA:182,0
DA:183,0
DA:185,0
DA:186,0
DA:187,0
DA:188,0
DA:192,0
DA:193,0
DA:194,0
DA:195,0
DA:196,0
DA:197,0
DA:202,0
DA:206,0
DA:208,0
DA:209,0
DA:210,0
DA:219,0
DA:220,0
DA:221,0
DA:223,0
DA:224,0
DA:225,0
DA:226,0
DA:227,0
DA:228,0
DA:229,0
DA:237,0
DA:247,0
DA:249,0
DA:251,0
DA:252,0
DA:253,0
DA:254,0
DA:257,0
DA:260,0
DA:261,0
DA:263,0
DA:264,0
DA:265,0
DA:266,0
DA:267,0
DA:268,0
DA:284,0
LF:99
LH:0
end_of_record
SF:lib/core/widgets/countdown_timer.dart
DA:19,0
DA:74,0
DA:75,0
DA:86,0
DA:87,0
DA:88,0
DA:89,0
DA:95,0
DA:97,0
DA:98,0
DA:101,0
DA:103,0
DA:104,0
DA:106,0
DA:113,0
DA:114,0
DA:115,0
DA:117,0
DA:120,0
DA:121,0
DA:122,0
DA:123,0
DA:125,0
DA:126,0
DA:127,0
DA:130,0
DA:131,0
DA:132,0
DA:133,0
DA:134,0
DA:135,0
DA:136,0
DA:138,0
DA:139,0
DA:140,0
DA:141,0
DA:142,0
DA:149,0
DA:151,0
DA:155,0
DA:156,0
DA:157,0
DA:158,0
DA:159,0
DA:161,0
DA:164,0
DA:165,0
DA:167,0
DA:169,0
DA:170,0
DA:173,0
DA:174,0
DA:176,0
DA:180,0
DA:181,0
DA:188,0
DA:189,0
DA:192,0
DA:193,0
DA:194,0
DA:195,0
DA:197,0
DA:198,0
DA:201,0
DA:202,0
DA:203,0
DA:204,0
DA:211,0
DA:212,0
DA:215,0
DA:216,0
DA:217,0
DA:218,0
DA:220,0
DA:221,0
DA:224,0
DA:225,0
DA:226,0
DA:227,0
DA:234,0
DA:235,0
DA:238,0
DA:239,0
DA:240,0
DA:241,0
DA:243,0
DA:244,0
DA:247,0
DA:248,0
DA:249,0
DA:250,0
DA:257,0
DA:258,0
DA:261,0
DA:262,0
DA:263,0
DA:264,0
DA:266,0
DA:267,0
DA:270,0
DA:271,0
DA:272,0
DA:273,0
DA:282,0
DA:284,0
DA:285,0
DA:286,0
DA:287,0
DA:288,0
DA:289,0
DA:292,0
DA:293,0
DA:294,0
DA:295,0
DA:296,0
DA:297,0
DA:298,0
DA:301,0
DA:302,0
DA:303,0
DA:304,0
DA:305,0
DA:306,0
DA:309,0
DA:310,0
DA:312,0
DA:313,0
DA:318,0
DA:319,0
DA:323,0
DA:324,0
DA:325,0
DA:326,0
DA:327,0
DA:329,0
DA:334,0
DA:335,0
DA:336,0
DA:337,0
DA:339,0
DA:344,0
DA:345,0
DA:346,0
DA:348,0
DA:353,0
DA:354,0
DA:355,0
DA:356,0
DA:357,0
DA:358,0
DA:361,0
DA:362,0
DA:364,0
DA:365,0
DA:366,0
DA:367,0
DA:368,0
DA:369,0
DA:370,0
DA:371,0
DA:374,0
DA:375,0
DA:377,0
DA:378,0
DA:379,0
DA:380,0
DA:381,0
DA:382,0
DA:385,0
DA:386,0
DA:388,0
DA:389,0
DA:390,0
DA:391,0
DA:394,0
DA:395,0
DA:397,0
DA:398,0
DA:401,0
DA:402,0
DA:404,0
DA:405,0
DA:406,0
DA:407,0
DA:408,0
DA:409,0
DA:412,0
DA:413,0
DA:415,0
DA:416,0
DA:417,0
DA:418,0
DA:421,0
DA:422,0
DA:424,0
DA:425,0
DA:428,0
DA:429,0
DA:431,0
DA:432,0
DA:433,0
DA:434,0
DA:438,0
DA:439,0
DA:441,0
DA:442,0
DA:445,0
DA:446,0
DA:448,0
DA:449,0
DA:454,0
DA:456,0
DA:457,0
DA:458,0
DA:459,0
DA:460,0
DA:461,0
DA:462,0
DA:463,0
LF:219
LH:0
end_of_record
SF:lib/core/utils/image_crop_util.dart
DA:5,0
DA:6,0
DA:10,0
DA:11,0
DA:18,0
LF:5
LH:0
end_of_record
SF:lib/features/content/presentation/widgets/manage_content_widget.dart
DA:10,0
DA:12,0
DA:14,0
DA:15,0
DA:18,0
DA:19,0
DA:21,0
DA:22,0
DA:23,0
DA:25,0
DA:26,0
DA:28,0
DA:29,0
DA:30,0
DA:32,0
DA:33,0
DA:34,0
DA:35,0
DA:37,0
DA:38,0
DA:39,0
DA:41,0
DA:44,0
DA:45,0
DA:51,0
DA:53,0
DA:54,0
DA:55,0
DA:56,0
DA:57,0
DA:59,0
DA:60,0
DA:61,0
DA:65,0
DA:66,0
DA:67,0
DA:68,0
DA:71,0
DA:73,0
DA:74,0
DA:75,0
DA:77,0
DA:78,0
DA:79,0
DA:84,0
DA:85,0
DA:86,0
DA:87,0
DA:90,0
DA:92,0
DA:93,0
DA:94,0
DA:96,0
DA:97,0
DA:98,0
DA:105,0
DA:106,0
DA:107,0
DA:108,0
DA:109,0
DA:112,0
DA:113,0
DA:114,0
DA:115,0
DA:116,0
DA:119,0
DA:120,0
DA:121,0
DA:122,0
DA:127,0
DA:128,0
DA:129,0
DA:130,0
DA:131,0
DA:133,0
DA:134,0
DA:135,0
DA:136,0
DA:137,0
DA:138,0
LF:80
LH:0
end_of_record
SF:lib/features/dashboard/presentation/utils/dashboard_interface.dart
DA:2,0
LF:1
LH:0
end_of_record
SF:lib/core/widgets/common_filter_sheet.dart
DA:5,0
DA:25,0
DA:37,0
DA:38,0
DA:44,0
DA:46,0
DA:47,0
DA:48,0
DA:50,0
DA:51,0
DA:52,0
DA:55,0
DA:56,0
DA:57,0
DA:59,0
DA:62,0
DA:63,0
DA:65,0
DA:66,0
DA:68,0
DA:69,0
DA:74,0
DA:75,0
DA:80,0
DA:81,0
DA:83,0
DA:84,0
DA:89,0
DA:90,0
DA:91,0
DA:92,0
DA:93,0
DA:94,0
DA:95,0
DA:96,0
DA:97,0
DA:98,0
DA:99,0
DA:100,0
DA:102,0
DA:107,0
DA:108,0
DA:110,0
DA:111,0
DA:112,0
DA:113,0
DA:117,0
DA:119,0
DA:120,0
DA:122,0
DA:123,0
DA:128,0
DA:129,0
DA:130,0
DA:131,0
DA:132,0
DA:133,0
DA:134,0
DA:135,0
DA:136,0
DA:137,0
DA:139,0
DA:140,0
DA:142,0
DA:147,0
DA:148,0
DA:150,0
DA:151,0
DA:152,0
DA:153,0
DA:157,0
DA:159,0
DA:160,0
DA:161,0
DA:162,0
DA:163,0
DA:164,0
DA:165,0
DA:166,0
DA:168,0
DA:170,0
DA:172,0
DA:173,0
DA:176,0
DA:178,0
DA:180,0
DA:185,0
DA:186,0
DA:187,0
DA:188,0
DA:189,0
DA:190,0
DA:192,0
DA:194,0
DA:196,0
DA:197,0
DA:200,0
DA:202,0
DA:204,0
LF:99
LH:0
end_of_record
SF:lib/core/utils/validator_utils.dart
DA:4,0
DA:5,0
DA:11,0
DA:12,0
DA:14,0
DA:20,0
DA:21,0
DA:23,0
DA:29,0
DA:30,0
DA:36,0
DA:37,0
DA:39,0
DA:41,0
LF:14
LH:0
end_of_record
SF:lib/core/widgets/button_widgets.dart
DA:4,2
DA:6,2
DA:9,2
DA:17,2
DA:18,2
DA:21,2
DA:22,6
DA:25,0
DA:26,0
DA:28,0
LF:10
LH:7
end_of_record
SF:lib/core/utils/dialog_utils.dart
DA:10,0
DA:11,0
DA:12,0
DA:14,0
DA:15,0
DA:19,0
DA:20,0
DA:21,0
DA:22,0
DA:23,0
DA:26,0
DA:27,0
DA:30,0
DA:31,0
DA:32,0
DA:33,0
DA:34,0
DA:35,0
DA:36,0
DA:38,0
DA:40,0
DA:44,0
DA:45,0
DA:46,0
DA:47,0
DA:48,0
DA:49,0
DA:50,0
DA:51,0
DA:53,0
DA:55,0
DA:56,0
DA:58,0
DA:60,0
DA:62,0
DA:75,0
DA:80,0
DA:81,0
DA:83,0
DA:84,0
DA:85,0
DA:86,0
DA:88,0
DA:93,0
DA:94,0
DA:95,0
DA:96,0
DA:97,0
DA:98,0
DA:101,0
DA:102,0
DA:105,0
DA:107,0
DA:108,0
DA:109,0
DA:110,0
DA:111,0
DA:113,0
DA:114,0
DA:115,0
DA:116,0
DA:117,0
DA:119,0
DA:123,0
DA:124,0
DA:125,0
DA:126,0
DA:128,0
DA:129,0
DA:130,0
DA:132,0
DA:134,0
DA:137,0
DA:143,0
DA:144,0
DA:145,0
DA:151,0
DA:152,0
DA:156,0
DA:157,0
DA:158,0
DA:159,0
DA:161,0
DA:162,0
DA:163,0
DA:164,0
DA:165,0
DA:166,0
DA:167,0
DA:168,0
DA:169,0
DA:170,0
DA:171,0
DA:172,0
DA:173,0
DA:176,0
DA:177,0
DA:178,0
DA:179,0
DA:180,0
DA:182,0
DA:183,0
DA:189,0
DA:190,0
DA:192,0
DA:193,0
DA:195,0
DA:196,0
DA:197,0
DA:201,0
DA:202,0
DA:205,0
DA:207,0
DA:212,0
DA:213,0
DA:216,0
DA:218,0
DA:229,0
DA:230,0
DA:231,0
DA:232,0
DA:233,0
DA:234,0
DA:236,0
DA:237,0
DA:238,0
DA:239,0
DA:240,0
DA:241,0
DA:242,0
DA:243,0
DA:244,0
DA:246,0
DA:247,0
DA:248,0
DA:251,0
DA:252,0
DA:255,0
DA:256,0
DA:259,0
DA:261,0
DA:262,0
DA:264,0
DA:266,0
DA:268,0
DA:274,0
DA:275,0
DA:277,0
DA:278,0
DA:279,0
DA:280,0
DA:282,0
DA:284,0
DA:288,0
DA:289,0
DA:290,0
DA:291,0
DA:292,0
DA:294,0
DA:296,0
DA:301,0
DA:303,0
DA:311,0
DA:312,0
DA:314,0
DA:315,0
DA:316,0
DA:317,0
DA:318,0
DA:319,0
DA:320,0
DA:322,0
DA:323,0
DA:324,0
DA:327,0
DA:328,0
DA:331,0
DA:332,0
DA:334,0
DA:336,0
DA:337,0
DA:339,0
DA:340,0
DA:341,0
DA:343,0
DA:351,0
DA:352,0
DA:353,0
DA:354,0
DA:356,0
DA:357,0
DA:360,0
DA:362,0
DA:375,0
DA:376,0
DA:377,0
DA:378,0
DA:379,0
DA:380,0
DA:381,0
DA:382,0
DA:383,0
DA:384,0
DA:386,0
DA:390,0
DA:392,0
DA:394,0
DA:398,0
DA:399,0
DA:401,0
DA:402,0
DA:403,0
DA:404,0
DA:405,0
DA:407,0
DA:408,0
DA:409,0
DA:410,0
DA:411,0
DA:413,0
DA:421,0
DA:422,0
DA:423,0
DA:424,0
DA:425,0
DA:426,0
DA:427,0
DA:428,0
DA:430,0
DA:434,0
DA:436,0
DA:438,0
DA:442,0
DA:443,0
DA:445,0
DA:446,0
DA:447,0
DA:448,0
DA:449,0
DA:451,0
DA:452,0
DA:453,0
DA:454,0
DA:455,0
DA:457,0
DA:465,0
DA:466,0
DA:467,0
DA:468,0
DA:469,0
DA:470,0
DA:471,0
DA:472,0
DA:474,0
DA:478,0
DA:480,0
DA:482,0
DA:486,0
DA:487,0
DA:489,0
DA:490,0
DA:491,0
DA:492,0
DA:493,0
DA:495,0
DA:496,0
DA:497,0
DA:498,0
DA:499,0
DA:501,0
DA:512,0
DA:513,0
DA:516,0
DA:517,0
DA:518,0
DA:519,0
DA:520,0
DA:521,0
DA:522,0
DA:525,0
DA:527,0
DA:530,0
DA:544,0
DA:549,0
DA:550,0
DA:552,0
DA:553,0
DA:557,0
DA:558,0
DA:559,0
DA:560,0
DA:561,0
DA:564,0
DA:565,0
DA:568,0
DA:569,0
DA:570,0
DA:571,0
DA:572,0
DA:573,0
DA:574,0
DA:575,0
DA:578,0
DA:579,0
DA:581,0
DA:586,0
DA:587,0
DA:588,0
DA:590,0
DA:593,0
DA:598,0
DA:599,0
DA:600,0
DA:606,0
DA:607,0
DA:609,0
DA:610,0
DA:611,0
DA:612,0
DA:614,0
DA:615,0
DA:616,0
DA:618,0
DA:620,0
DA:621,0
DA:622,0
DA:623,0
DA:625,0
DA:626,0
DA:630,0
DA:631,0
DA:633,0
DA:634,0
DA:636,0
DA:638,0
DA:645,0
DA:646,0
DA:648,0
DA:649,0
DA:650,0
DA:651,0
DA:654,0
DA:655,0
DA:658,0
DA:659,0
DA:669,0
DA:670,0
DA:671,0
DA:673,0
DA:674,0
DA:678,0
DA:679,0
DA:680,0
DA:681,0
DA:682,0
DA:685,0
DA:686,0
DA:689,0
DA:690,0
DA:691,0
DA:693,0
DA:694,0
DA:695,0
DA:696,0
DA:697,0
DA:699,0
DA:701,0
DA:706,0
DA:707,0
DA:708,0
DA:710,0
DA:712,0
DA:713,0
DA:723,0
DA:724,0
DA:726,0
DA:727,0
DA:728,0
DA:729,0
DA:730,0
DA:732,0
DA:735,0
DA:736,0
DA:741,0
DA:742,0
DA:744,0
DA:745,0
DA:751,0
DA:753,0
DA:754,0
DA:763,0
DA:764,0
DA:766,0
DA:767,0
DA:768,0
DA:769,0
DA:772,0
DA:773,0
DA:774,0
DA:777,0
DA:778,0
DA:788,0
DA:790,0
DA:798,0
DA:801,0
DA:803,0
DA:804,0
DA:806,0
DA:808,0
DA:819,0
DA:821,0
DA:823,0
LF:412
LH:0
end_of_record
SF:lib/core/widgets/error/connection_error_overlay.dart
DA:10,0
DA:16,0
DA:18,0
DA:19,0
DA:20,0
DA:21,0
DA:23,0
DA:24,0
DA:27,0
DA:28,0
DA:29,0
DA:30,0
DA:31,0
DA:36,0
DA:37,0
DA:39,0
DA:40,0
DA:41,0
DA:42,0
DA:43,0
DA:47,0
DA:48,0
DA:49,0
DA:50,0
DA:51,0
DA:52,0
DA:53,0
DA:54,0
DA:55,0
DA:56,0
DA:61,0
DA:62,0
DA:66,0
DA:68,0
DA:69,0
DA:70,0
DA:71,0
DA:72,0
DA:75,0
DA:78,0
DA:81,0
DA:82,0
DA:84,0
DA:86,0
DA:91,0
DA:92,0
DA:93,0
DA:94,0
DA:97,0
DA:99,0
DA:104,0
DA:105,0
DA:107,0
DA:108,0
DA:111,0
DA:112,0
DA:114,0
DA:115,0
DA:116,0
DA:118,0
DA:122,0
LF:61
LH:0
end_of_record
SF:lib/features/account_settings/domain/usecases/get_admin_contact_info.dart
DA:10,0
DA:12,0
DA:14,0
LF:3
LH:0
end_of_record
SF:lib/features/authentication/presentation/bloc/upload_documents/upload_documents_bloc.dart
DA:16,0
DA:21,0
DA:22,0
DA:23,0
DA:24,0
DA:25,0
DA:28,0
DA:30,0
DA:31,0
DA:32,0
DA:33,0
DA:35,0
DA:36,0
DA:41,0
DA:43,0
DA:44,0
DA:45,0
DA:46,0
DA:48,0
DA:49,0
DA:55,0
DA:57,0
DA:58,0
DA:59,0
DA:60,0
DA:62,0
DA:63,0
DA:65,0
DA:66,0
DA:71,0
DA:73,0
DA:74,0
DA:75,0
DA:76,0
DA:78,0
DA:79,0
DA:80,0
DA:82,0
LF:38
LH:0
end_of_record
SF:lib/features/publish/domain/usecases/submit_content.dart
DA:10,0
DA:12,0
DA:14,0
DA:22,1
DA:24,0
DA:25,0
LF:6
LH:1
end_of_record
SF:lib/features/authentication/presentation/bloc/auth_bloc.dart
DA:21,1
DA:27,2
DA:28,2
DA:29,2
DA:30,3
DA:31,1
DA:32,1
DA:34,1
DA:35,0
DA:36,0
DA:38,0
DA:40,1
DA:41,1
DA:42,1
DA:43,1
DA:44,4
DA:46,2
DA:48,1
DA:50,2
DA:55,2
DA:56,2
DA:57,3
DA:58,1
DA:59,1
DA:60,1
DA:61,1
DA:62,1
DA:64,1
DA:65,1
DA:66,1
DA:67,1
DA:68,2
DA:69,1
DA:70,1
DA:71,1
DA:72,1
DA:73,1
DA:76,0
DA:78,0
DA:81,0
DA:82,0
DA:83,0
DA:84,0
DA:85,0
DA:87,0
DA:88,0
DA:89,0
DA:91,0
DA:96,2
DA:97,2
DA:98,3
DA:99,1
DA:100,0
DA:101,1
DA:102,2
DA:107,2
DA:108,2
DA:109,2
DA:110,3
DA:111,1
DA:112,0
DA:113,1
DA:115,2
DA:117,0
DA:123,2
DA:124,2
DA:125,2
DA:126,3
DA:127,1
DA:128,1
DA:130,2
DA:132,1
LF:72
LH:55
end_of_record
SF:lib/features/authentication/presentation/bloc/signup_bloc.dart
DA:26,0
DA:36,0
DA:37,0
DA:38,0
DA:39,0
DA:40,0
DA:41,0
DA:42,0
DA:43,0
DA:44,0
DA:47,0
DA:51,0
DA:53,0
DA:54,0
DA:55,0
DA:56,0
DA:60,0
DA:64,0
DA:65,0
DA:66,0
DA:67,0
DA:68,0
DA:69,0
DA:74,0
DA:78,0
DA:79,0
DA:80,0
DA:81,0
DA:82,0
DA:86,0
DA:90,0
DA:91,0
DA:92,0
DA:93,0
DA:97,0
DA:101,0
DA:102,0
DA:103,0
DA:104,0
DA:105,0
DA:109,0
DA:113,0
DA:114,0
DA:115,0
DA:116,0
DA:120,0
DA:124,0
DA:125,0
DA:126,0
DA:127,0
DA:131,0
DA:135,0
DA:136,0
DA:137,0
DA:138,0
LF:55
LH:0
end_of_record
SF:lib/features/authentication/presentation/bloc/verification_bloc.dart
DA:15,0
DA:20,0
DA:21,0
DA:22,0
DA:23,0
DA:26,0
DA:30,0
DA:31,0
DA:32,0
DA:33,0
DA:34,0
DA:37,0
DA:38,0
DA:39,0
DA:43,0
DA:51,0
DA:52,0
DA:53,0
DA:54,0
DA:58,0
DA:62,0
DA:64,0
DA:65,0
DA:66,0
DA:69,0
DA:71,0
DA:72,0
DA:73,0
DA:74,0
DA:77,0
DA:78,0
DA:79,0
DA:80,0
LF:33
LH:0
end_of_record
SF:lib/features/authentication/data/datasources/verification_remote_datasource_impl.dart
DA:14,0
DA:16,0
DA:19,0
DA:20,0
DA:21,0
DA:23,0
DA:24,0
DA:26,0
DA:30,0
DA:34,0
DA:35,0
DA:36,0
DA:37,0
DA:38,0
DA:40,0
DA:41,0
DA:43,0
DA:47,0
DA:50,0
DA:51,0
DA:52,0
DA:54,0
DA:58,0
DA:59,0
DA:60,0
DA:62,0
DA:65,0
DA:69,0
DA:73,0
DA:74,0
DA:75,0
DA:76,0
DA:77,0
DA:80,0
LF:34
LH:0
end_of_record
SF:lib/features/authentication/data/repositories/verification_repository_impl.dart
DA:14,0
DA:19,0
DA:22,0
DA:24,0
DA:25,0
DA:34,0
DA:36,0
DA:38,0
DA:39,0
DA:48,0
DA:50,0
DA:52,0
DA:62,0
DA:64,0
DA:66,0
LF:15
LH:0
end_of_record
SF:lib/features/authentication/domain/usecases/verification/delete_document.dart
DA:6,0
DA:9,0
DA:10,0
LF:3
LH:0
end_of_record
SF:lib/features/authentication/domain/usecases/verification/get_document_instructions.dart
DA:9,0
DA:11,0
DA:12,0
LF:3
LH:0
end_of_record
SF:lib/features/authentication/domain/usecases/verification/get_uploaded_documents.dart
DA:7,0
DA:10,0
DA:11,0
LF:3
LH:0
end_of_record
SF:lib/features/authentication/domain/usecases/verification/upload_document.dart
DA:7,0
DA:10,0
DA:11,0
LF:3
LH:0
end_of_record
SF:lib/features/profile/domain/usecases/check_username.dart
DA:10,0
DA:12,0
DA:14,0
DA:21,1
DA:23,0
DA:24,0
LF:6
LH:1
end_of_record
SF:lib/features/profile/domain/usecases/get_avatars.dart
DA:8,0
DA:11,0
DA:13,0
LF:3
LH:0
end_of_record
SF:lib/features/authentication/data/repositories/term_repository.dart
DA:9,0
DA:11,0
DA:13,0
DA:14,0
DA:15,0
DA:16,0
DA:17,0
DA:21,0
DA:23,0
DA:24,0
DA:26,0
DA:27,0
DA:30,0
DA:32,0
DA:33,0
DA:34,0
DA:36,0
DA:38,0
LF:18
LH:0
end_of_record
SF:lib/features/splash/presentation/bloc/splash_bloc.dart
DA:17,1
DA:22,2
DA:23,2
DA:26,1
DA:28,2
DA:31,3
DA:34,2
DA:35,2
DA:37,3
DA:38,1
DA:39,1
DA:44,2
DA:47,2
DA:51,3
DA:52,3
DA:53,1
DA:54,0
DA:55,0
DA:56,0
DA:58,1
DA:59,3
DA:61,2
DA:63,3
DA:64,3
DA:65,1
DA:66,0
DA:67,0
DA:69,0
DA:71,1
DA:73,2
DA:75,2
DA:77,2
DA:79,2
LF:33
LH:27
end_of_record
SF:lib/features/splash/data/datasources/splash_remote_data_source.dart
DA:16,0
DA:18,0
DA:21,0
DA:22,0
DA:25,0
DA:26,0
DA:28,0
DA:30,0
DA:31,0
DA:33,0
DA:34,0
DA:35,0
DA:36,0
DA:37,0
DA:40,0
DA:41,0
DA:42,0
DA:45,0
DA:46,0
DA:49,0
LF:20
LH:0
end_of_record
SF:lib/features/splash/data/repositories/splash_repository_impl.dart
DA:12,0
DA:17,0
DA:19,0
DA:21,0
DA:22,0
DA:24,0
DA:25,0
DA:27,0
DA:30,0
LF:9
LH:0
end_of_record
SF:lib/features/splash/domain/usecases/check_splash_version.dart
DA:10,0
DA:12,0
DA:14,0
LF:3
LH:0
end_of_record
SF:lib/features/chatbot/presentation/bloc/chatbot_event.dart
DA:4,1
DA:6,0
DA:7,0
DA:18,1
DA:20,0
DA:21,0
DA:28,0
DA:31,0
DA:32,0
DA:39,0
DA:45,1
DA:50,0
DA:52,0
DA:53,0
LF:14
LH:3
end_of_record
SF:lib/features/chatbot/presentation/bloc/chatbot_state.dart
DA:4,1
DA:6,1
DA:7,1
DA:18,1
DA:20,1
DA:21,3
DA:23,0
DA:24,0
DA:25,0
DA:26,0
DA:34,1
DA:36,1
DA:37,2
LF:13
LH:9
end_of_record
SF:lib/features/chatbot/presentation/bloc/chatbot_bloc.dart
DA:18,1
DA:21,2
DA:22,2
DA:23,2
DA:24,2
DA:25,2
DA:26,2
DA:27,2
DA:28,2
DA:31,0
DA:34,0
DA:35,0
DA:36,0
DA:38,0
DA:40,0
DA:44,1
DA:48,3
DA:50,2
DA:51,1
DA:52,1
DA:53,1
DA:54,4
DA:55,0
DA:57,0
DA:60,1
DA:61,0
DA:66,0
DA:68,2
DA:70,4
DA:73,0
DA:77,1
DA:79,2
DA:80,4
DA:83,1
DA:85,3
DA:86,1
DA:89,2
DA:91,4
DA:93,3
DA:97,1
DA:100,0
DA:103,2
DA:104,1
DA:105,1
DA:106,1
DA:111,1
DA:112,3
DA:113,0
DA:117,0
DA:118,0
DA:122,0
DA:123,0
DA:126,0
DA:127,0
DA:129,0
DA:131,1
DA:132,3
DA:133,4
DA:136,2
DA:137,5
DA:138,2
DA:142,0
DA:143,0
DA:148,0
DA:151,4
DA:154,0
DA:156,0
DA:157,0
DA:159,0
DA:160,0
DA:161,0
DA:164,0
DA:166,0
DA:167,0
DA:168,0
DA:172,0
DA:174,0
DA:176,0
DA:178,0
DA:179,0
DA:184,0
DA:185,0
DA:189,0
DA:191,0
DA:193,0
DA:194,0
DA:199,0
DA:200,0
DA:202,0
DA:206,1
DA:209,1
DA:215,2
DA:216,1
DA:220,2
DA:221,1
DA:222,1
DA:223,0
DA:224,0
DA:225,0
DA:226,0
DA:227,0
DA:228,0
DA:236,0
LF:103
LH:49
end_of_record
SF:lib/features/notification/presentation/bloc/notification_bloc.dart
DA:24,1
DA:31,1
DA:32,2
DA:33,2
DA:34,2
DA:35,2
DA:36,2
DA:37,2
DA:40,1
DA:42,2
DA:43,3
DA:44,1
DA:47,4
DA:49,1
DA:50,4
DA:51,1
DA:52,1
DA:53,3
DA:54,2
DA:55,1
DA:57,0
DA:60,3
DA:61,2
DA:65,2
DA:66,1
DA:72,0
DA:74,0
DA:75,0
DA:76,0
DA:77,0
DA:81,1
DA:83,2
DA:84,1
DA:85,0
DA:86,5
DA:90,0
DA:92,0
DA:93,0
DA:94,0
DA:95,0
DA:96,0
DA:97,0
DA:98,0
DA:100,0
DA:101,0
DA:108,0
DA:110,0
DA:111,0
DA:112,0
DA:113,0
DA:114,0
DA:116,0
DA:119,0
DA:120,0
DA:121,0
DA:126,0
DA:128,0
DA:129,0
DA:130,0
DA:131,0
LF:60
LH:28
end_of_record
SF:lib/features/notification/presentation/bloc/notification_event.dart
DA:4,5
DA:6,0
DA:7,0
DA:14,5
DA:16,0
DA:17,0
DA:21,0
DA:25,0
DA:29,0
DA:33,0
DA:37,0
LF:11
LH:2
end_of_record
SF:lib/features/notification/presentation/bloc/notification_state.dart
DA:18,6
DA:30,1
DA:41,1
DA:42,0
DA:43,1
DA:44,1
DA:45,1
DA:46,1
DA:48,1
DA:49,1
DA:51,1
DA:53,1
DA:57,1
DA:58,1
DA:59,1
DA:60,1
DA:61,1
DA:62,1
DA:63,1
DA:64,1
DA:65,1
DA:66,1
DA:67,1
LF:23
LH:22
end_of_record
SF:lib/features/notification/data/datasources/notification_remote_datasource.dart
DA:15,1
DA:17,1
DA:20,2
DA:21,1
DA:22,1
DA:25,1
DA:27,1
DA:31,1
DA:34,3
DA:36,0
DA:40,1
DA:43,3
DA:45,0
LF:13
LH:11
end_of_record
SF:lib/features/notification/data/repositories/notification_repository_impl.dart
DA:11,1
DA:13,1
DA:17,2
DA:19,1
DA:20,3
DA:21,2
DA:22,3
DA:23,1
DA:26,2
DA:27,2
DA:29,2
DA:35,3
DA:39,1
DA:42,2
DA:45,3
DA:49,0
DA:52,0
DA:55,0
LF:18
LH:15
end_of_record
SF:lib/features/notification/domain/usecases/get_notifications.dart
DA:7,0
DA:10,0
DA:12,0
LF:3
LH:0
end_of_record
SF:lib/features/notification/domain/usecases/mark_notifications_read.dart
DA:6,0
DA:9,0
DA:10,0
LF:3
LH:0
end_of_record
SF:lib/features/notification/domain/usecases/clear_all_notifications.dart
DA:6,0
DA:9,0
DA:10,0
LF:3
LH:0
end_of_record
SF:lib/features/map/presentation/bloc/map_bloc.dart
DA:28,1
DA:36,1
DA:37,2
DA:38,2
DA:39,2
DA:40,2
DA:41,2
DA:42,2
DA:43,2
DA:44,2
DA:45,2
DA:46,2
DA:47,2
DA:48,2
DA:49,2
DA:50,2
DA:51,2
DA:52,2
DA:53,2
DA:54,2
DA:55,2
DA:56,2
DA:57,2
DA:58,2
DA:59,2
DA:61,1
DA:64,1
DA:68,5
DA:71,1
DA:72,2
DA:73,1
DA:74,0
DA:77,2
DA:78,0
DA:80,2
DA:81,0
DA:83,2
DA:84,0
DA:88,0
DA:93,0
DA:94,0
DA:99,0
DA:100,0
DA:102,0
DA:103,0
DA:104,0
DA:107,0
DA:108,0
DA:109,0
DA:111,0
DA:112,0
DA:116,0
DA:117,0
DA:120,0
DA:124,0
DA:129,0
DA:132,0
DA:133,0
DA:135,0
DA:136,0
DA:137,0
DA:140,0
DA:141,0
DA:142,0
DA:144,0
DA:145,0
DA:150,0
DA:151,0
DA:153,0
DA:157,0
DA:161,1
DA:165,3
DA:166,1
DA:167,1
DA:169,3
DA:171,3
DA:172,1
DA:174,1
DA:176,2
DA:177,1
DA:178,1
DA:181,1
DA:182,2
DA:185,1
DA:186,0
DA:189,2
DA:194,1
DA:204,2
DA:205,1
DA:206,0
DA:207,1
DA:210,3
DA:213,1
DA:214,4
DA:216,2
DA:217,2
DA:218,1
DA:223,1
DA:229,5
DA:231,1
DA:232,0
DA:233,0
DA:234,1
DA:236,1
DA:238,1
DA:245,2
DA:246,3
DA:247,2
DA:252,1
DA:255,2
DA:259,2
DA:264,0
DA:267,1
DA:269,1
DA:273,1
DA:275,1
DA:279,3
DA:280,1
DA:281,0
DA:282,1
DA:283,1
DA:285,3
DA:287,1
DA:288,1
DA:296,1
DA:300,3
DA:301,1
DA:302,0
DA:303,0
DA:304,4
DA:308,1
DA:312,1
DA:313,3
DA:314,3
DA:315,2
DA:316,1
DA:317,1
DA:318,1
DA:319,1
DA:322,1
DA:323,0
DA:324,0
DA:325,0
DA:327,0
DA:329,1
DA:330,3
DA:332,1
DA:333,0
DA:334,0
DA:336,0
DA:337,0
DA:338,0
DA:341,0
DA:343,0
DA:344,0
DA:345,0
DA:346,0
DA:347,0
DA:348,0
DA:349,0
DA:352,0
DA:353,0
DA:354,0
DA:355,0
DA:356,1
DA:359,1
DA:362,0
DA:363,0
DA:364,0
DA:365,0
DA:366,0
DA:367,0
DA:369,0
DA:372,0
DA:373,0
DA:378,0
DA:379,0
DA:380,0
DA:385,0
DA:386,0
DA:387,0
DA:389,0
DA:390,0
DA:393,1
DA:395,1
DA:396,3
DA:397,1
DA:398,3
DA:401,4
DA:404,0
DA:405,0
DA:406,0
DA:413,0
DA:417,0
DA:418,0
DA:419,0
DA:420,0
DA:422,0
DA:426,0
DA:430,0
DA:433,0
DA:437,0
DA:440,0
DA:444,0
DA:448,0
DA:452,0
DA:456,0
DA:460,0
DA:461,0
DA:462,0
DA:463,0
DA:466,0
DA:467,0
DA:468,0
DA:469,0
DA:470,0
DA:471,0
DA:476,0
DA:480,0
DA:481,0
DA:482,0
DA:487,0
DA:488,0
DA:489,0
DA:490,0
DA:496,0
DA:500,0
DA:504,0
DA:505,0
DA:506,0
DA:510,0
DA:515,0
DA:516,0
DA:517,0
DA:518,0
DA:519,0
DA:520,0
DA:522,0
DA:527,0
DA:528,0
DA:529,0
DA:535,0
DA:540,0
DA:541,0
DA:542,0
DA:543,0
DA:544,0
DA:545,0
DA:548,0
DA:549,0
DA:550,0
DA:551,0
DA:553,0
DA:557,0
DA:561,0
DA:568,0
DA:572,0
DA:578,0
DA:582,0
DA:588,0
DA:592,0
DA:595,0
DA:596,0
DA:597,0
DA:598,0
DA:600,0
DA:602,0
DA:605,0
DA:607,0
DA:611,0
DA:612,0
DA:613,0
DA:614,0
DA:619,0
DA:623,0
DA:624,0
DA:625,0
DA:629,0
DA:633,0
DA:634,0
DA:635,0
DA:636,0
DA:638,0
DA:652,1
DA:653,2
DA:654,1
DA:655,0
DA:656,0
DA:658,1
DA:659,3
DA:662,1
DA:664,0
DA:666,0
DA:668,0
DA:669,0
DA:671,0
DA:674,0
DA:675,0
DA:676,0
DA:678,0
DA:679,0
DA:682,1
DA:684,1
DA:685,1
DA:688,3
DA:689,4
LF:306
LH:118
end_of_record
SF:lib/features/map/data/datasources/map_remote_data_source.dart
DA:29,1
DA:35,0
DA:38,0
DA:39,0
DA:45,0
DA:48,0
DA:49,0
DA:50,0
DA:54,0
DA:60,1
DA:63,2
DA:65,1
DA:68,0
DA:74,0
DA:77,0
DA:78,0
DA:81,0
DA:83,1
DA:87,1
DA:90,2
DA:92,1
DA:95,1
DA:96,4
DA:98,0
DA:102,0
DA:107,0
DA:110,0
DA:111,0
DA:113,0
DA:114,0
DA:115,0
DA:116,0
DA:119,0
LF:33
LH:10
end_of_record
SF:lib/features/map/data/repositories/map_repository_impl.dart
DA:14,1
DA:16,1
DA:19,2
DA:20,1
DA:21,1
DA:22,3
DA:24,0
DA:28,0
DA:32,0
DA:33,0
DA:35,0
DA:39,0
DA:42,0
DA:43,0
DA:45,0
DA:49,1
DA:52,2
DA:53,1
DA:54,1
DA:55,3
DA:57,0
DA:61,1
DA:64,2
DA:65,1
DA:67,0
DA:71,0
DA:75,0
DA:78,0
DA:82,1
DA:86,2
DA:87,1
DA:89,0
LF:32
LH:17
end_of_record
SF:lib/features/menu/data/services/menu_service_impl.dart
DA:11,0
DA:13,0
DA:15,0
DA:18,0
DA:19,0
DA:20,0
DA:21,0
DA:22,0
DA:23,0
DA:31,0
DA:37,0
DA:39,0
DA:41,0
DA:49,0
DA:51,0
DA:52,0
LF:16
LH:0
end_of_record
SF:lib/features/menu/presentation/bloc/menu_bloc.dart
DA:22,1
DA:28,1
DA:29,2
DA:30,2
DA:33,1
DA:37,2
DA:38,1
DA:39,4
DA:40,1
DA:41,3
DA:43,1
DA:44,1
DA:50,1
DA:54,3
DA:56,2
DA:59,3
DA:63,2
DA:64,2
DA:65,2
DA:68,0
DA:72,3
DA:73,1
DA:74,4
DA:78,4
LF:24
LH:23
end_of_record
SF:lib/features/menu/presentation/bloc/menu_state.dart
DA:13,6
DA:21,1
DA:28,1
DA:29,1
DA:30,1
DA:31,1
DA:32,1
DA:33,1
DA:37,1
DA:38,1
DA:39,1
DA:40,1
DA:41,1
DA:42,1
DA:43,1
LF:15
LH:15
end_of_record
SF:lib/features/menu/presentation/bloc/menu_event.dart
DA:4,1
DA:6,0
DA:7,0
LF:3
LH:1
end_of_record
SF:lib/features/map/domain/usecases/get_current_location.dart
DA:10,0
DA:12,0
DA:14,0
LF:3
LH:0
end_of_record
SF:lib/features/map/domain/usecases/get_incidents.dart
DA:10,0
DA:12,0
DA:14,0
LF:3
LH:0
end_of_record
SF:lib/features/map/domain/usecases/report_incident.dart
DA:9,0
DA:11,0
DA:13,0
DA:20,0
LF:4
LH:0
end_of_record
SF:lib/features/map/domain/usecases/get_route.dart
DA:12,0
DA:14,0
DA:16,0
DA:24,1
DA:26,0
DA:27,0
LF:6
LH:1
end_of_record
SF:lib/features/map/domain/usecases/search_places.dart
DA:9,0
DA:11,0
DA:13,0
LF:3
LH:0
end_of_record
SF:lib/features/map/domain/usecases/get_place_details.dart
DA:10,0
DA:12,0
DA:14,0
LF:3
LH:0
end_of_record
SF:lib/features/map/data/services/marker_service.dart
DA:22,0
DA:24,0
DA:28,0
DA:29,0
DA:31,0
DA:33,0
DA:34,0
DA:35,0
DA:38,0
DA:42,0
DA:43,0
DA:45,0
DA:46,0
DA:48,0
DA:49,0
DA:53,0
DA:59,0
DA:60,0
DA:62,0
DA:63,0
DA:64,0
DA:65,0
DA:66,0
DA:68,0
DA:69,0
DA:71,0
DA:72,0
DA:75,0
DA:77,0
DA:78,0
DA:82,0
DA:87,0
DA:88,0
DA:89,0
DA:92,0
DA:93,0
DA:94,0
DA:95,0
DA:96,0
DA:98,0
DA:99,0
DA:100,0
DA:103,0
DA:104,0
DA:105,0
DA:106,0
DA:108,0
DA:110,0
DA:111,0
DA:113,0
DA:116,0
DA:117,0
DA:118,0
DA:119,0
DA:120,0
DA:122,0
DA:124,0
DA:126,0
DA:128,0
DA:130,0
DA:131,0
DA:135,0
DA:140,0
DA:141,0
DA:143,0
DA:144,0
DA:145,0
DA:146,0
DA:148,0
DA:149,0
DA:150,0
DA:153,0
DA:154,0
DA:155,0
DA:156,0
DA:158,0
DA:160,0
DA:161,0
DA:163,0
DA:166,0
DA:167,0
DA:168,0
DA:169,0
DA:170,0
DA:172,0
DA:174,0
DA:176,0
DA:178,0
DA:180,0
DA:185,0
DA:193,0
DA:194,0
DA:195,0
DA:196,0
DA:198,0
DA:201,0
DA:204,0
DA:205,0
DA:206,0
DA:208,0
DA:209,0
DA:212,0
DA:213,0
DA:214,0
DA:216,0
DA:217,0
DA:218,0
DA:220,0
DA:223,0
DA:224,0
DA:226,0
DA:227,0
DA:228,0
DA:230,0
DA:233,0
DA:235,0
DA:236,0
DA:237,0
DA:238,0
DA:242,0
DA:244,0
DA:245,0
DA:246,0
DA:247,0
DA:248,0
DA:249,0
DA:251,0
DA:252,0
DA:253,0
DA:255,0
DA:257,0
DA:261,0
DA:262,0
DA:264,0
DA:266,0
DA:268,0
DA:269,0
DA:273,0
DA:274,0
DA:275,0
DA:279,0
DA:280,0
DA:281,0
DA:282,0
DA:285,0
DA:286,0
DA:288,0
DA:291,0
LF:148
LH:0
end_of_record
SF:lib/features/map/data/services/socket_service.dart
DA:17,0
DA:18,0
DA:19,0
DA:21,0
DA:22,0
DA:23,0
DA:24,0
DA:25,0
DA:26,0
DA:29,0
DA:31,0
DA:33,0
DA:34,0
DA:35,0
DA:37,0
DA:38,0
DA:39,0
DA:40,0
DA:50,0
DA:51,0
DA:52,0
DA:55,0
DA:56,0
DA:57,0
DA:61,0
DA:62,0
DA:63,0
DA:66,0
DA:67,0
DA:68,0
DA:71,0
DA:72,0
DA:74,0
DA:78,0
DA:79,0
DA:80,0
DA:83,0
DA:84,0
DA:85,0
DA:88,0
DA:89,0
DA:90,0
DA:93,0
DA:94,0
DA:95,0
DA:99,0
DA:106,0
DA:107,0
DA:108,0
DA:112,0
DA:113,0
DA:118,0
DA:119,0
DA:121,0
DA:124,0
DA:125,0
DA:126,0
DA:129,0
DA:135,0
DA:141,0
DA:142,0
DA:145,0
DA:150,0
DA:155,0
DA:156,0
DA:159,0
DA:160,0
DA:161,0
DA:162,0
DA:165,0
DA:166,0
DA:167,0
DA:168,0
DA:171,0
DA:172,0
DA:173,0
DA:174,0
DA:177,0
DA:178,0
LF:79
LH:0
end_of_record
SF:lib/features/news/data/datasources/news_remote_datasource.dart
DA:28,1
DA:30,1
DA:40,1
DA:45,1
DA:53,3
DA:54,2
DA:55,1
DA:58,2
DA:59,6
DA:60,4
DA:62,2
DA:63,2
DA:64,2
DA:65,2
DA:66,2
DA:68,1
DA:70,1
DA:71,3
DA:72,2
DA:73,1
DA:74,2
DA:75,2
DA:76,2
DA:77,2
DA:78,4
DA:81,0
DA:83,4
DA:85,0
DA:87,0
DA:90,1
DA:94,1
DA:96,1
DA:99,2
DA:100,1
DA:104,2
DA:105,1
DA:106,1
DA:107,1
DA:108,1
DA:109,3
DA:110,3
DA:111,3
DA:112,3
DA:113,1
DA:114,2
DA:116,0
DA:118,1
DA:120,0
DA:122,0
DA:125,0
DA:129,0
DA:132,0
DA:138,0
DA:139,0
DA:143,0
DA:144,0
DA:145,0
DA:146,0
DA:147,0
DA:148,0
DA:150,0
DA:152,0
DA:155,0
LF:63
LH:43
end_of_record
SF:lib/features/news/data/repositories/news_repository_impl.dart
DA:12,1
DA:14,1
DA:25,2
DA:34,1
DA:35,1
DA:36,3
DA:37,1
DA:38,3
DA:40,0
DA:44,1
DA:47,2
DA:48,1
DA:49,0
DA:50,0
DA:52,0
DA:56,0
DA:61,0
DA:62,0
DA:63,0
DA:64,0
DA:66,0
LF:21
LH:11
end_of_record
SF:lib/features/news/domain/usecases/get_aggregated_news.dart
DA:12,0
DA:14,0
DA:17,0
DA:18,0
DA:19,0
DA:20,0
DA:21,0
DA:22,0
DA:23,0
DA:24,0
DA:38,1
DA:48,0
DA:49,0
LF:13
LH:1
end_of_record
SF:lib/features/news/domain/usecases/get_comments.dart
DA:11,0
DA:13,0
DA:15,0
DA:23,0
DA:25,0
DA:26,0
LF:6
LH:0
end_of_record
SF:lib/features/news/domain/usecases/get_news_detail.dart
DA:11,0
DA:13,0
DA:15,0
DA:22,1
DA:24,0
DA:25,0
LF:6
LH:1
end_of_record
SF:lib/features/news/presentation/bloc/news_bloc.dart
DA:21,1
DA:27,1
DA:28,2
DA:29,2
DA:30,2
DA:31,2
DA:32,2
DA:33,2
DA:34,2
DA:35,2
DA:36,2
DA:37,2
DA:39,1
DA:42,1
DA:43,2
DA:44,0
DA:48,1
DA:52,3
DA:53,3
DA:54,1
DA:55,1
DA:56,1
DA:57,1
DA:58,1
DA:59,1
DA:60,1
DA:63,1
DA:64,1
DA:65,1
DA:66,2
DA:67,2
DA:69,3
DA:75,4
DA:80,1
DA:84,3
DA:85,4
DA:87,1
DA:88,0
DA:90,4
DA:94,0
DA:98,0
DA:99,0
DA:100,0
DA:103,0
DA:104,0
DA:105,0
DA:106,0
DA:110,0
DA:114,0
DA:115,0
DA:117,0
DA:118,0
DA:119,0
DA:120,0
DA:121,0
DA:122,0
DA:125,0
DA:127,0
DA:130,0
DA:135,0
DA:138,0
DA:143,0
DA:146,0
DA:150,0
DA:151,0
DA:153,0
DA:154,0
DA:158,0
DA:162,0
DA:164,0
DA:165,0
DA:169,1
DA:173,2
DA:174,1
DA:175,3
DA:177,4
DA:178,3
DA:179,1
DA:180,2
DA:181,1
DA:184,1
DA:186,2
DA:188,0
DA:189,0
DA:191,0
DA:192,0
DA:196,3
DA:201,1
DA:205,1
DA:206,1
DA:207,1
DA:211,1
DA:212,3
DA:214,1
DA:216,4
DA:217,2
DA:218,1
DA:219,0
DA:220,0
DA:224,1
DA:226,2
DA:227,0
DA:228,0
DA:229,0
DA:230,0
DA:234,3
LF:106
LH:62
end_of_record
SF:lib/features/earning/data/repositories/earning_repository_impl.dart
DA:16,1
DA:21,1
DA:24,2
DA:27,2
DA:28,1
DA:29,1
DA:30,1
DA:31,1
DA:33,1
DA:35,3
DA:42,0
DA:45,0
DA:47,0
DA:49,0
DA:51,0
DA:52,0
DA:55,0
DA:56,0
DA:64,0
DA:69,0
DA:70,0
DA:71,0
DA:72,0
DA:73,0
DA:74,0
DA:75,0
DA:76,0
DA:77,0
DA:78,0
DA:79,0
DA:80,0
DA:81,0
DA:82,0
DA:83,0
DA:84,0
DA:85,0
DA:86,0
DA:87,0
DA:88,0
DA:89,0
DA:90,0
DA:91,0
DA:92,0
DA:94,0
DA:96,0
DA:98,0
DA:101,0
DA:108,0
DA:111,0
DA:113,0
DA:115,0
DA:116,0
DA:117,0
DA:118,0
DA:119,0
DA:120,0
DA:121,0
DA:122,0
DA:123,0
DA:124,0
DA:126,0
DA:128,0
DA:130,0
LF:63
LH:10
end_of_record
SF:lib/features/earning/data/datasources/earning_remote_data_source.dart
DA:15,1
DA:17,1
DA:21,2
DA:22,1
DA:23,1
DA:25,1
DA:26,1
DA:28,0
DA:32,0
DA:36,0
DA:37,0
DA:40,0
DA:42,0
DA:46,0
DA:50,0
DA:51,0
DA:55,0
DA:56,0
DA:58,0
LF:19
LH:7
end_of_record
SF:lib/features/earning/domain/usecases/get_earning_profile.dart
DA:11,0
DA:13,0
DA:15,0
DA:23,1
DA:25,0
DA:26,0
LF:6
LH:1
end_of_record
SF:lib/features/earning/domain/usecases/get_transactions.dart
DA:11,0
DA:13,0
DA:15,0
DA:22,1
DA:24,0
DA:25,0
LF:6
LH:1
end_of_record
SF:lib/features/earning/domain/usecases/get_commissions.dart
DA:11,0
DA:13,0
DA:15,0
DA:22,0
DA:24,0
DA:25,0
LF:6
LH:0
end_of_record
SF:lib/features/alert/presentation/bloc/alert_bloc.dart
DA:19,1
DA:20,0
DA:21,1
DA:22,2
DA:23,2
DA:24,2
DA:25,2
DA:28,1
DA:30,3
DA:31,1
DA:32,1
DA:35,0
DA:37,0
DA:38,0
DA:41,0
DA:43,0
DA:44,0
DA:45,0
DA:48,1
DA:50,1
DA:52,2
DA:54,1
DA:55,1
DA:56,1
DA:60,2
DA:61,1
DA:62,1
DA:63,1
DA:65,4
DA:67,3
DA:69,3
DA:73,0
DA:77,0
DA:82,3
DA:83,1
DA:85,1
DA:89,1
DA:92,2
DA:94,0
DA:100,2
DA:101,1
DA:102,0
DA:103,0
DA:108,2
DA:109,2
DA:110,3
DA:111,3
LF:47
LH:34
end_of_record
SF:lib/features/camera/presentation/bloc/camera_bloc.dart
DA:43,1
DA:48,1
DA:49,2
DA:50,2
DA:51,2
DA:52,2
DA:53,2
DA:54,2
DA:55,2
DA:56,2
DA:57,2
DA:58,2
DA:59,2
DA:60,2
DA:61,2
DA:62,2
DA:63,1
DA:64,0
DA:65,1
DA:66,0
DA:67,2
DA:70,1
DA:72,1
DA:73,3
DA:74,3
DA:75,1
DA:78,1
DA:80,3
DA:81,0
DA:82,0
DA:87,3
DA:89,3
DA:93,2
DA:94,0
DA:95,0
DA:98,0
DA:99,0
DA:103,0
DA:106,2
DA:108,0
DA:109,0
DA:110,0
DA:111,0
DA:112,0
DA:113,0
DA:118,2
DA:120,0
DA:128,2
DA:130,0
DA:134,2
DA:136,4
DA:138,2
DA:140,2
DA:148,1
DA:150,1
DA:152,3
DA:158,0
DA:160,0
DA:165,0
DA:172,1
DA:173,2
DA:177,0
DA:179,0
DA:180,0
DA:181,0
DA:182,0
DA:183,0
DA:184,0
DA:185,0
DA:186,0
DA:190,1
DA:192,3
DA:193,2
DA:194,3
DA:197,3
DA:199,2
DA:200,2
DA:207,1
DA:208,3
DA:211,0
DA:217,1
DA:219,2
DA:220,4
DA:221,2
DA:223,2
DA:224,1
DA:225,3
DA:227,0
DA:231,0
DA:232,0
DA:235,0
DA:237,0
DA:242,0
DA:244,0
DA:248,0
DA:250,0
DA:252,0
DA:253,0
DA:256,0
DA:257,0
DA:258,0
DA:261,0
DA:262,0
DA:263,0
DA:264,0
DA:266,0
DA:269,0
DA:271,0
DA:272,0
DA:275,0
DA:276,0
DA:277,0
DA:278,0
DA:279,0
DA:280,0
DA:281,0
DA:284,0
DA:285,0
DA:286,0
DA:288,0
DA:289,0
DA:293,0
DA:295,0
DA:297,0
DA:298,0
DA:301,0
DA:302,0
DA:303,0
DA:305,0
DA:309,0
DA:311,0
DA:312,0
DA:315,0
DA:316,0
DA:318,0
DA:319,0
DA:320,0
DA:321,0
DA:328,0
DA:329,0
DA:330,0
DA:332,0
DA:334,0
DA:338,0
DA:339,0
DA:340,0
DA:346,0
DA:349,0
DA:350,0
DA:353,0
DA:354,0
DA:355,0
DA:356,0
DA:357,0
DA:358,0
DA:359,0
DA:362,0
DA:363,0
DA:369,0
DA:370,0
DA:371,0
DA:375,0
DA:377,0
DA:381,0
DA:383,0
DA:385,0
DA:386,0
DA:387,0
DA:388,0
DA:393,0
DA:397,0
DA:399,0
DA:402,0
DA:403,0
DA:405,0
DA:406,0
DA:410,0
DA:411,0
DA:412,0
DA:413,0
DA:414,0
DA:415,0
DA:416,0
DA:419,0
DA:420,0
DA:427,0
DA:434,0
DA:437,0
DA:438,0
DA:439,0
DA:440,0
DA:441,0
DA:442,0
DA:446,0
DA:447,0
DA:448,0
DA:449,0
DA:450,0
DA:451,0
DA:452,0
DA:455,0
DA:456,0
DA:457,0
DA:461,0
DA:465,0
DA:467,0
DA:469,0
DA:473,0
DA:474,0
DA:476,0
DA:477,0
DA:482,0
DA:483,0
DA:487,0
DA:488,0
DA:489,0
DA:490,0
DA:491,0
DA:492,0
DA:493,0
DA:496,0
DA:497,0
DA:498,0
DA:502,1
DA:510,2
DA:513,1
DA:514,1
DA:516,0
DA:517,0
DA:519,0
DA:520,0
DA:525,0
DA:529,0
DA:531,0
DA:534,0
DA:536,0
DA:539,0
DA:540,0
DA:542,0
DA:543,0
DA:544,0
DA:545,0
DA:546,0
DA:547,0
DA:548,0
DA:550,0
DA:552,0
DA:553,0
DA:558,0
DA:559,0
DA:560,0
LF:251
LH:61
end_of_record
SF:lib/features/chat/presentation/bloc/chat_bloc.dart
DA:25,1
DA:29,0
DA:30,0
DA:31,0
DA:32,1
DA:33,2
DA:34,2
DA:35,2
DA:36,2
DA:37,2
DA:38,2
DA:39,2
DA:40,2
DA:41,2
DA:42,2
DA:43,2
DA:44,2
DA:45,2
DA:48,1
DA:50,2
DA:51,2
DA:52,2
DA:53,2
DA:54,2
DA:55,1
DA:58,1
DA:60,3
DA:62,1
DA:63,2
DA:64,1
DA:65,1
DA:66,1
DA:67,1
DA:68,0
DA:71,0
DA:72,0
DA:76,1
DA:77,4
DA:80,0
DA:85,1
DA:87,3
DA:89,1
DA:90,1
DA:91,1
DA:92,1
DA:95,1
DA:96,1
DA:97,1
DA:100,2
DA:101,1
DA:102,2
DA:103,1
DA:104,1
DA:105,1
DA:106,1
DA:107,0
DA:111,2
DA:112,2
DA:113,1
DA:114,2
DA:115,1
DA:116,2
DA:117,1
DA:118,1
DA:119,0
DA:120,0
DA:121,0
DA:126,2
DA:127,1
DA:128,2
DA:129,1
DA:130,1
DA:131,0
DA:132,0
DA:133,0
DA:139,1
DA:140,1
DA:141,2
DA:142,1
DA:143,1
DA:144,1
DA:145,1
DA:146,1
DA:148,1
DA:149,0
DA:152,3
DA:155,0
DA:156,0
DA:159,0
DA:161,0
DA:162,0
DA:163,0
DA:164,0
DA:167,1
DA:169,3
DA:171,1
DA:173,3
DA:174,1
DA:175,1
DA:176,1
DA:178,4
DA:179,1
DA:180,1
DA:184,2
DA:185,0
DA:186,0
DA:187,0
DA:188,0
DA:189,0
DA:190,0
DA:191,0
DA:193,0
DA:194,0
DA:195,0
DA:197,0
DA:198,0
DA:206,0
DA:210,0
DA:212,0
DA:213,0
DA:214,0
DA:216,0
DA:219,0
DA:220,0
DA:225,1
DA:230,2
DA:231,2
DA:232,2
DA:233,2
DA:234,1
DA:235,1
DA:237,1
DA:240,2
DA:246,1
DA:248,2
DA:252,1
DA:253,1
DA:254,3
DA:255,1
DA:256,1
DA:258,1
DA:262,5
DA:263,2
DA:265,3
DA:267,0
DA:268,0
DA:272,0
DA:274,0
DA:275,0
DA:276,0
DA:277,0
DA:278,0
DA:279,0
DA:280,0
DA:281,0
DA:285,0
DA:287,0
DA:288,0
DA:290,0
DA:291,0
DA:292,0
DA:296,0
DA:298,0
DA:299,0
DA:300,0
DA:302,0
DA:306,0
DA:308,0
DA:309,0
DA:310,0
DA:311,0
DA:312,0
DA:313,0
DA:314,0
DA:318,1
DA:320,4
DA:323,0
DA:325,0
LF:178
LH:104
end_of_record
SF:lib/features/feed/data/repositories/feed_repository_impl.dart
DA:14,0
DA:19,0
DA:22,0
DA:24,0
DA:25,0
DA:26,0
DA:27,0
DA:28,0
DA:29,0
DA:30,0
DA:31,0
DA:32,0
DA:33,0
DA:34,0
DA:36,0
DA:37,0
DA:39,0
DA:40,0
DA:41,0
DA:44,0
DA:45,0
DA:47,0
DA:48,0
DA:50,0
DA:51,0
DA:54,0
DA:58,0
DA:61,0
DA:63,0
DA:65,0
DA:66,0
DA:67,0
DA:68,0
DA:71,0
DA:72,0
DA:73,0
DA:74,0
DA:77,0
LF:38
LH:0
end_of_record
SF:lib/features/feed/data/datasources/feed_remote_data_source.dart
DA:14,0
DA:16,0
DA:19,0
DA:20,0
DA:23,0
DA:25,0
DA:29,0
DA:32,0
DA:33,0
DA:36,0
DA:38,0
LF:11
LH:0
end_of_record
SF:lib/features/feed/domain/usecases/get_feeds.dart
DA:11,0
DA:13,0
DA:15,0
DA:22,1
DA:24,0
DA:25,0
LF:6
LH:1
end_of_record
SF:lib/features/feed/domain/usecases/toggle_feed_interaction.dart
DA:10,0
DA:12,0
DA:14,0
DA:15,0
DA:16,0
DA:17,0
DA:18,0
DA:19,0
DA:31,1
DA:39,0
DA:40,0
LF:11
LH:1
end_of_record
SF:lib/features/feed/presentation/bloc/feed_bloc.dart
DA:12,1
DA:15,1
DA:16,2
DA:17,2
DA:18,2
DA:19,2
DA:20,2
DA:21,2
DA:24,1
DA:25,3
DA:27,1
DA:28,0
DA:33,1
DA:35,0
DA:37,3
DA:40,2
DA:43,3
DA:45,3
DA:47,1
DA:48,5
DA:49,4
DA:52,5
DA:57,0
DA:58,0
DA:60,0
DA:61,0
DA:62,0
DA:63,0
DA:65,0
DA:69,0
DA:71,0
DA:72,0
DA:73,0
DA:74,0
DA:76,0
DA:77,0
DA:88,1
DA:89,3
DA:92,0
DA:93,0
DA:96,0
DA:97,0
DA:100,0
DA:101,0
DA:104,1
DA:106,6
DA:107,2
DA:109,3
DA:112,0
DA:113,1
DA:114,1
DA:115,1
DA:132,1
DA:133,1
DA:134,1
DA:135,1
DA:138,3
DA:144,2
DA:145,1
DA:146,1
DA:147,1
DA:148,1
DA:149,1
DA:150,1
DA:151,1
DA:152,1
DA:153,1
DA:154,1
DA:155,1
DA:156,1
DA:157,1
DA:158,1
DA:163,1
DA:164,1
DA:165,1
DA:166,1
DA:167,1
DA:168,1
DA:171,3
DA:173,3
DA:181,1
DA:182,1
DA:184,3
DA:185,1
DA:186,3
DA:188,1
LF:86
LH:63
end_of_record
SF:lib/features/task/data/repositories/task_repository_impl.dart
DA:20,0
DA:25,0
DA:28,0
DA:30,0
DA:31,0
DA:32,0
DA:33,0
DA:35,0
DA:38,0
DA:42,0
DA:47,0
DA:49,0
DA:52,0
DA:53,0
DA:55,0
DA:58,0
DA:62,0
DA:65,0
DA:68,0
DA:69,0
DA:70,0
DA:71,0
DA:73,0
DA:76,0
DA:80,0
DA:83,0
DA:85,0
DA:86,0
DA:87,0
DA:88,0
DA:90,0
DA:93,0
DA:97,0
DA:100,0
DA:102,0
DA:104,0
DA:105,0
DA:106,0
DA:108,0
DA:111,0
DA:115,0
DA:117,0
DA:119,0
DA:120,0
DA:121,0
DA:124,0
DA:126,0
DA:129,0
DA:133,0
DA:136,0
DA:139,0
DA:140,0
DA:141,0
DA:142,0
DA:144,0
DA:147,0
DA:151,0
DA:154,0
DA:156,0
DA:158,0
DA:159,0
DA:160,0
DA:162,0
DA:165,0
DA:169,0
DA:174,0
DA:176,0
DA:178,0
DA:179,0
DA:180,0
DA:182,0
DA:185,0
DA:189,0
DA:192,0
DA:194,0
DA:195,0
DA:196,0
DA:197,0
DA:199,0
DA:202,0
LF:80
LH:0
end_of_record
SF:lib/features/task/data/datasources/task_remote_datasource.dart
DA:41,0
DA:43,0
DA:46,0
DA:47,0
DA:50,0
DA:55,0
DA:60,0
DA:61,0
DA:63,0
DA:64,0
DA:67,0
DA:71,0
DA:77,0
DA:78,0
DA:84,0
DA:85,0
DA:86,0
DA:87,0
DA:90,0
DA:91,0
DA:94,0
DA:95,0
DA:98,0
DA:102,0
DA:106,0
DA:107,0
DA:109,0
DA:111,0
DA:112,0
DA:115,0
DA:116,0
DA:118,0
DA:120,0
DA:121,0
DA:122,0
DA:123,0
DA:126,0
DA:127,0
DA:128,0
DA:136,0
DA:137,0
DA:138,0
DA:139,0
DA:140,0
DA:141,0
DA:142,0
DA:143,0
DA:144,0
DA:146,0
DA:149,0
DA:150,0
DA:151,0
DA:152,0
DA:153,0
DA:156,0
DA:162,0
DA:163,0
DA:166,0
DA:167,0
DA:171,0
DA:174,0
DA:175,0
DA:179,0
DA:180,0
DA:181,0
DA:182,0
DA:185,0
DA:186,0
DA:189,0
DA:192,0
DA:196,0
DA:200,0
DA:207,0
DA:208,0
DA:212,0
DA:213,0
DA:214,0
DA:215,0
DA:217,0
DA:218,0
DA:221,0
DA:225,0
DA:228,0
DA:229,0
DA:232,0
DA:233,0
DA:238,0
DA:242,0
DA:246,0
DA:247,0
DA:248,0
DA:251,0
DA:252,0
DA:253,0
DA:254,0
DA:255,0
DA:260,0
DA:261,0
DA:264,0
DA:268,0
DA:272,0
DA:273,0
DA:274,0
DA:277,0
DA:278,0
DA:279,0
DA:280,0
DA:281,0
DA:286,0
DA:287,0
DA:290,0
DA:294,0
DA:300,0
DA:305,0
DA:311,0
DA:312,0
DA:316,0
DA:317,0
DA:318,0
DA:322,0
DA:323,0
DA:324,0
DA:325,0
DA:326,0
DA:327,0
DA:331,0
DA:332,0
DA:337,0
DA:338,0
DA:341,0
DA:345,0
DA:348,0
DA:349,0
DA:353,0
DA:354,0
DA:355,0
DA:359,0
DA:360,0
DA:361,0
DA:366,0
DA:367,0
DA:368,0
DA:369,0
DA:376,0
DA:377,0
DA:380,0
LF:146
LH:0
end_of_record
SF:lib/features/task/domain/usecases/get_all_tasks.dart
DA:11,0
DA:13,0
DA:15,0
DA:16,0
DA:17,0
DA:18,0
DA:27,1
DA:30,0
DA:31,0
LF:9
LH:1
end_of_record
SF:lib/features/task/domain/usecases/get_local_tasks.dart
DA:10,0
DA:12,0
DA:14,0
LF:3
LH:0
end_of_record
SF:lib/features/task/domain/usecases/get_task_detail.dart
DA:10,0
DA:12,0
DA:14,0
LF:3
LH:0
end_of_record
SF:lib/features/task/domain/usecases/accept_reject_task.dart
DA:10,0
DA:12,0
DA:14,0
DA:15,0
DA:16,0
DA:17,0
DA:26,1
DA:29,0
DA:30,0
LF:9
LH:1
end_of_record
SF:lib/features/task/domain/usecases/get_task_chat.dart
DA:12,0
DA:14,0
DA:17,0
DA:18,0
DA:27,0
DA:30,0
DA:31,0
LF:7
LH:0
end_of_record
SF:lib/features/task/domain/usecases/upload_task_media.dart
DA:10,0
DA:12,0
DA:14,0
LF:3
LH:0
end_of_record
SF:lib/features/task/domain/usecases/get_hopper_accepted_count.dart
DA:7,0
DA:10,0
DA:12,0
LF:3
LH:0
end_of_record
SF:lib/features/task/domain/usecases/get_task_transaction_details.dart
DA:12,0
DA:14,0
DA:17,0
LF:3
LH:0
end_of_record
SF:lib/features/task/domain/usecases/get_content_transaction_details.dart
DA:13,0
DA:15,0
DA:18,0
DA:19,0
DA:27,0
DA:32,0
DA:33,0
LF:7
LH:0
end_of_record
SF:lib/features/authentication/domain/usecases/login_user.dart
DA:11,0
DA:13,0
DA:15,0
DA:23,1
DA:25,0
DA:26,0
LF:6
LH:1
end_of_record
SF:lib/features/authentication/domain/usecases/social_login_user.dart
DA:11,0
DA:13,0
DA:15,0
DA:16,0
DA:17,0
DA:18,0
DA:19,0
DA:20,0
DA:32,1
DA:40,0
DA:41,0
LF:11
LH:1
end_of_record
SF:lib/features/authentication/domain/usecases/register_user.dart
DA:11,0
DA:13,0
DA:15,0
DA:22,0
DA:24,0
DA:25,0
LF:6
LH:0
end_of_record
SF:lib/features/authentication/domain/usecases/logout_user.dart
DA:7,0
DA:10,0
DA:12,0
LF:3
LH:0
end_of_record
SF:lib/features/leaderboard/presentation/bloc/leaderboard_bloc.dart
DA:10,1
DA:11,2
DA:12,2
DA:15,1
DA:17,2
DA:18,3
DA:19,1
DA:20,1
DA:21,2
DA:22,2
DA:23,3
DA:25,1
DA:26,2
DA:27,3
DA:28,2
LF:15
LH:15
end_of_record
SF:lib/features/leaderboard/domain/usecases/get_leaderboard.dart
DA:7,0
DA:10,0
DA:11,0
LF:3
LH:0
end_of_record
SF:lib/features/leaderboard/data/repositories/leaderboard_repository_impl.dart
DA:10,0
DA:12,0
DA:15,0
DA:16,0
DA:18,0
LF:5
LH:0
end_of_record
SF:lib/features/leaderboard/data/datasources/leaderboard_remote_datasource.dart
DA:14,0
DA:16,0
DA:19,0
DA:20,0
DA:21,0
DA:22,0
DA:24,0
DA:25,0
DA:26,0
DA:28,0
DA:30,0
DA:31,0
LF:12
LH:0
end_of_record
SF:lib/features/authentication/domain/usecases/check_auth_status.dart
DA:7,0
DA:10,0
DA:12,0
LF:3
LH:0
end_of_record
SF:lib/features/bank/presentation/bloc/bank_bloc.dart
DA:16,1
DA:21,2
DA:22,2
DA:23,2
DA:24,2
DA:25,2
DA:28,1
DA:32,2
DA:33,3
DA:34,1
DA:35,0
DA:36,3
DA:40,1
DA:44,2
DA:45,3
DA:46,1
DA:47,1
DA:49,1
DA:50,0
DA:51,1
DA:52,2
DA:53,2
DA:58,0
DA:62,0
DA:63,0
DA:64,0
DA:65,0
DA:67,0
DA:68,0
DA:69,0
DA:70,0
DA:71,0
DA:76,1
DA:80,2
DA:81,3
DA:82,1
DA:83,0
DA:84,3
LF:38
LH:25
end_of_record
SF:lib/features/bank/domain/usecases/get_banks.dart
DA:10,0
DA:12,0
DA:14,0
LF:3
LH:0
end_of_record
SF:lib/features/bank/domain/usecases/delete_bank.dart
DA:9,0
DA:11,0
DA:13,0
DA:21,1
LF:4
LH:1
end_of_record
SF:lib/features/bank/domain/usecases/set_default_bank.dart
DA:9,0
DA:11,0
DA:13,0
DA:14,0
DA:22,0
LF:5
LH:0
end_of_record
SF:lib/features/bank/domain/usecases/get_stripe_onboarding_url.dart
DA:7,0
DA:10,0
DA:12,0
LF:3
LH:0
end_of_record
SF:lib/features/bank/data/repositories/bank_repository_impl.dart
DA:12,1
DA:17,1
DA:19,2
DA:21,2
DA:22,1
DA:23,1
DA:24,0
DA:26,3
DA:33,0
DA:35,0
DA:37,0
DA:39,0
DA:40,0
DA:42,0
DA:49,0
DA:51,0
DA:53,0
DA:55,0
DA:56,0
DA:58,0
DA:65,0
DA:67,0
DA:69,0
DA:70,0
DA:71,0
DA:72,0
DA:74,0
LF:27
LH:7
end_of_record
SF:lib/features/bank/data/datasources/bank_remote_data_source.dart
DA:17,1
DA:19,1
DA:22,3
DA:23,2
DA:24,1
DA:25,2
DA:26,1
DA:27,4
DA:29,2
DA:31,0
DA:33,1
DA:37,0
DA:40,0
DA:41,0
DA:44,0
DA:46,0
DA:50,0
DA:53,0
DA:54,0
DA:58,0
DA:59,0
DA:62,0
DA:64,0
DA:68,0
DA:72,0
DA:73,0
DA:74,0
DA:76,0
DA:77,0
DA:78,0
DA:79,0
DA:81,0
DA:83,0
DA:85,0
LF:34
LH:10
end_of_record
SF:lib/features/authentication/domain/usecases/send_otp.dart
DA:8,0
DA:11,0
DA:13,0
LF:3
LH:0
end_of_record
SF:lib/features/authentication/domain/usecases/verify_otp.dart
DA:10,0
DA:12,0
DA:14,0
DA:23,0
DA:29,0
DA:30,0
DA:31,0
DA:32,0
DA:33,0
DA:37,0
DA:38,0
LF:11
LH:0
end_of_record
SF:lib/features/authentication/domain/usecases/social_register_user.dart
DA:11,0
DA:13,0
DA:15,0
DA:22,0
DA:24,0
DA:25,0
LF:6
LH:0
end_of_record
SF:lib/features/authentication/domain/usecases/forgot_password.dart
DA:7,0
DA:10,0
DA:12,0
LF:3
LH:0
end_of_record
SF:lib/features/authentication/domain/usecases/verify_forgot_password_otp.dart
DA:10,0
DA:12,0
DA:14,0
DA:22,1
DA:24,0
DA:25,0
LF:6
LH:1
end_of_record
SF:lib/features/authentication/domain/usecases/reset_password.dart
DA:10,0
DA:12,0
DA:14,0
DA:22,1
DA:24,0
DA:25,0
LF:6
LH:1
end_of_record
SF:lib/features/dashboard/data/repositories/dashboard_repository_impl.dart
DA:15,1
DA:20,1
DA:22,2
DA:24,2
DA:25,1
DA:26,0
DA:27,0
DA:30,2
DA:34,0
DA:37,0
DA:39,0
DA:41,0
DA:42,0
DA:45,0
DA:49,0
DA:51,0
DA:53,0
DA:55,0
DA:56,0
DA:59,0
DA:63,0
DA:65,0
DA:67,0
DA:68,0
DA:69,0
DA:70,0
DA:73,0
DA:77,0
DA:80,0
DA:82,0
DA:83,0
DA:84,0
DA:85,0
DA:88,0
DA:92,0
DA:94,0
DA:96,0
DA:97,0
DA:98,0
DA:99,0
DA:102,0
DA:106,0
DA:108,0
DA:110,0
DA:111,0
DA:113,0
DA:116,0
DA:120,1
DA:122,2
DA:124,2
DA:126,2
DA:127,2
DA:129,1
DA:130,1
DA:131,1
DA:132,1
DA:133,1
DA:135,3
DA:136,1
DA:137,1
DA:138,2
DA:148,0
DA:151,0
DA:155,0
DA:158,0
DA:161,0
DA:165,0
DA:168,0
DA:170,0
DA:172,0
DA:173,0
DA:176,0
LF:72
LH:20
end_of_record
SF:lib/features/dashboard/data/datasources/dashboard_remote_data_source.dart
DA:27,1
DA:29,1
DA:32,3
DA:34,2
DA:35,1
DA:36,1
DA:37,0
DA:38,0
DA:39,0
DA:40,0
DA:42,1
DA:43,3
DA:44,1
DA:46,1
DA:49,1
DA:53,0
DA:56,0
DA:57,0
DA:60,0
DA:61,0
DA:64,0
DA:68,0
DA:70,0
DA:72,0
DA:74,0
DA:75,0
DA:78,0
DA:82,0
DA:85,0
DA:86,0
DA:88,0
DA:89,0
DA:90,0
DA:91,0
DA:92,0
DA:94,0
DA:96,0
DA:99,0
DA:103,0
DA:106,0
DA:107,0
DA:108,0
DA:109,0
DA:111,0
DA:112,0
DA:114,0
DA:115,0
DA:117,0
DA:118,0
DA:120,0
DA:126,0
DA:127,0
DA:130,0
DA:131,0
DA:135,1
DA:138,1
DA:139,2
DA:140,2
DA:141,1
DA:143,2
DA:145,3
DA:146,1
DA:150,0
DA:151,0
DA:154,0
DA:158,0
DA:161,0
DA:162,0
DA:164,0
DA:165,0
DA:166,0
DA:167,0
DA:168,0
DA:170,0
DA:172,0
DA:173,0
DA:177,0
DA:180,0
DA:184,0
DA:187,0
DA:189,0
DA:190,0
DA:192,0
DA:194,0
DA:195,0
DA:199,0
DA:202,0
DA:206,0
DA:209,0
DA:210,0
DA:216,0
DA:219,0
DA:220,0
DA:221,0
DA:222,0
DA:225,0
LF:96
LH:19
end_of_record
SF:lib/features/dashboard/domain/usecases/remove_device.dart
DA:10,0
DA:12,0
DA:14,0
DA:21,1
DA:23,0
DA:24,0
DA:27,0
DA:28,0
LF:8
LH:1
end_of_record
SF:lib/features/task/domain/usecases/get_room_id.dart
DA:10,0
DA:12,0
DA:14,0
DA:15,0
DA:25,1
DA:32,0
DA:33,0
LF:7
LH:1
end_of_record
SF:lib/features/authentication/domain/usecases/check_username.dart
DA:7,0
DA:10,0
DA:12,0
LF:3
LH:0
end_of_record
SF:lib/features/authentication/domain/usecases/check_email.dart
DA:7,0
DA:10,0
DA:12,0
LF:3
LH:0
end_of_record
SF:lib/features/authentication/domain/usecases/check_phone.dart
DA:7,0
DA:10,0
DA:12,0
LF:3
LH:0
end_of_record
SF:lib/features/authentication/domain/usecases/get_avatars.dart
DA:8,0
DA:11,0
DA:13,0
LF:3
LH:0
end_of_record
SF:lib/features/authentication/domain/usecases/verify_referral_code.dart
DA:9,0
DA:11,0
DA:13,0
LF:3
LH:0
end_of_record
SF:lib/features/authentication/domain/usecases/social_exists.dart
DA:7,0
DA:10,0
DA:12,0
LF:3
LH:0
end_of_record
SF:lib/features/profile/presentation/bloc/profile_bloc.dart
DA:27,1
DA:36,2
DA:37,2
DA:38,2
DA:39,2
DA:40,2
DA:41,2
DA:42,2
DA:43,2
DA:44,2
DA:47,1
DA:51,1
DA:52,2
DA:55,4
DA:56,1
DA:57,0
DA:58,0
DA:60,0
DA:62,3
DA:66,1
DA:70,2
DA:72,4
DA:73,1
DA:74,1
DA:75,3
DA:77,3
DA:79,1
DA:80,2
DA:81,1
DA:83,2
DA:88,1
DA:92,2
DA:93,3
DA:94,1
DA:95,0
DA:96,3
DA:100,1
DA:104,2
DA:105,2
DA:106,1
DA:107,1
DA:108,1
DA:111,1
DA:112,0
DA:113,3
DA:117,1
DA:122,4
DA:123,1
DA:124,0
DA:125,3
DA:129,0
DA:133,0
DA:134,0
DA:135,0
DA:136,0
DA:140,0
DA:144,0
DA:145,0
DA:146,0
DA:147,0
DA:151,1
DA:155,2
DA:156,3
DA:157,1
DA:158,0
DA:159,3
LF:66
LH:49
end_of_record
SF:lib/features/profile/domain/usecases/get_profile_data.dart
DA:9,0
DA:12,0
DA:14,0
DA:21,1
DA:23,1
DA:24,2
LF:6
LH:3
end_of_record
SF:lib/features/profile/domain/usecases/update_profile_data.dart
DA:10,0
DA:12,0
DA:14,0
DA:21,1
LF:4
LH:1
end_of_record
SF:lib/features/profile/domain/usecases/upload_profile_image.dart
DA:7,0
DA:10,0
DA:12,0
LF:3
LH:0
end_of_record
SF:lib/features/profile/domain/usecases/change_password.dart
DA:9,0
DA:11,0
DA:13,0
DA:14,0
DA:22,2
LF:5
LH:1
end_of_record
SF:lib/features/profile/data/repositories/profile_repository_impl.dart
DA:15,1
DA:21,1
DA:24,2
DA:26,2
DA:31,2
DA:32,2
DA:33,0
DA:34,0
DA:36,0
DA:43,1
DA:46,2
DA:48,2
DA:49,2
DA:50,0
DA:51,0
DA:53,0
DA:60,0
DA:62,0
DA:64,0
DA:65,0
DA:66,0
DA:67,0
DA:69,0
DA:76,0
DA:79,0
DA:81,0
DA:83,0
DA:84,0
DA:86,0
DA:93,0
DA:95,0
DA:97,0
DA:98,0
DA:99,0
DA:100,0
DA:102,0
DA:109,0
DA:111,0
DA:113,0
DA:114,0
DA:115,0
DA:116,0
DA:118,0
LF:43
LH:10
end_of_record
SF:lib/features/profile/data/datasources/profile_remote_data_source.dart
DA:22,1
DA:24,1
DA:27,2
DA:29,2
DA:30,1
DA:31,1
DA:34,3
DA:35,3
DA:36,2
DA:37,1
DA:38,4
DA:39,2
DA:41,1
DA:42,1
DA:44,0
DA:46,1
DA:50,1
DA:54,1
DA:55,0
DA:56,0
DA:59,3
DA:60,2
DA:63,0
DA:64,0
DA:65,0
DA:67,0
DA:69,0
DA:70,0
DA:74,3
DA:78,2
DA:79,1
DA:80,2
DA:81,2
DA:83,0
DA:85,0
DA:86,0
DA:88,0
DA:92,0
DA:95,0
DA:96,0
DA:99,0
DA:100,0
DA:102,0
DA:103,0
DA:106,0
DA:107,0
DA:108,0
DA:109,0
DA:110,0
DA:111,0
DA:115,0
DA:117,0
DA:118,0
DA:120,0
DA:124,0
DA:127,0
DA:128,0
DA:129,0
DA:135,0
DA:136,0
DA:137,0
DA:140,0
DA:141,0
DA:143,0
DA:145,0
DA:149,0
DA:152,0
DA:153,0
DA:156,0
DA:157,0
DA:158,0
DA:162,0
DA:166,0
DA:169,0
DA:171,0
DA:172,0
DA:173,0
DA:174,0
DA:176,0
DA:178,0
LF:80
LH:24
end_of_record
SF:lib/features/content/presentation/bloc/content_bloc.dart
DA:30,1
DA:41,2
DA:42,2
DA:43,2
DA:44,2
DA:45,2
DA:46,2
DA:47,2
DA:48,2
DA:49,2
DA:50,2
DA:51,2
DA:54,1
DA:59,2
DA:64,2
DA:65,2
DA:66,2
DA:70,2
DA:71,1
DA:72,3
DA:74,1
DA:75,1
DA:76,2
DA:77,2
DA:78,3
DA:80,1
DA:81,2
DA:82,2
DA:83,1
DA:84,2
DA:85,0
DA:86,0
DA:91,2
DA:93,1
DA:94,3
DA:100,0
DA:104,0
DA:105,0
DA:106,0
DA:107,0
DA:108,0
DA:112,1
DA:116,2
DA:117,4
DA:118,1
DA:119,0
DA:120,3
DA:124,1
DA:128,2
DA:129,4
DA:130,1
DA:131,0
DA:132,3
DA:136,1
DA:140,2
DA:141,3
DA:142,1
DA:143,0
DA:144,3
DA:148,1
DA:152,2
DA:153,3
DA:154,1
DA:155,0
DA:156,4
DA:160,1
DA:164,3
DA:165,1
DA:166,0
DA:167,3
DA:171,0
DA:175,0
DA:176,0
DA:177,0
DA:178,0
DA:182,0
DA:187,0
DA:188,0
DA:189,0
DA:190,0
DA:194,0
DA:199,0
DA:200,0
DA:201,0
DA:202,0
DA:204,0
DA:205,0
DA:206,0
LF:88
LH:57
end_of_record
SF:lib/features/content/domain/usecases/get_my_content.dart
DA:8,0
DA:11,0
DA:14,0
DA:15,0
DA:20,1
LF:5
LH:1
end_of_record
SF:lib/features/content/domain/usecases/publish_content.dart
DA:10,0
DA:12,0
DA:14,0
DA:21,1
LF:4
LH:1
end_of_record
SF:lib/features/content/domain/usecases/save_draft.dart
DA:10,0
DA:12,0
DA:14,0
DA:21,1
LF:4
LH:1
end_of_record
SF:lib/features/content/domain/usecases/upload_media.dart
DA:7,0
DA:10,0
DA:12,0
LF:3
LH:0
end_of_record
SF:lib/features/content/domain/usecases/delete_content.dart
DA:7,0
DA:10,0
DA:12,0
LF:3
LH:0
end_of_record
SF:lib/features/content/domain/usecases/search_hashtags.dart
DA:8,0
DA:11,0
DA:13,0
LF:3
LH:0
end_of_record
SF:lib/features/content/domain/usecases/get_trending_hashtags.dart
DA:10,0
DA:12,0
DA:14,0
LF:3
LH:0
end_of_record
SF:lib/features/content/domain/usecases/get_content_detail.dart
DA:11,0
DA:13,0
DA:15,0
LF:3
LH:0
end_of_record
SF:lib/features/content/data/repositories/content_repository_impl.dart
DA:15,1
DA:20,1
DA:25,2
DA:27,2
DA:29,1
DA:30,1
DA:31,1
DA:33,0
DA:40,0
DA:43,0
DA:45,0
DA:46,0
DA:47,0
DA:48,0
DA:50,0
DA:57,0
DA:60,0
DA:62,0
DA:63,0
DA:64,0
DA:65,0
DA:67,0
DA:74,0
DA:77,0
DA:79,0
DA:80,0
DA:81,0
DA:82,0
DA:84,0
DA:91,0
DA:93,0
DA:95,0
DA:97,0
DA:98,0
DA:100,0
DA:107,0
DA:110,0
DA:112,0
DA:113,0
DA:114,0
DA:115,0
DA:117,0
DA:124,0
DA:126,0
DA:128,0
DA:129,0
DA:130,0
DA:131,0
DA:133,0
DA:140,0
DA:142,0
DA:144,0
DA:145,0
DA:146,0
DA:147,0
DA:149,0
DA:156,0
DA:159,0
DA:161,0
DA:162,0
DA:163,0
DA:164,0
DA:166,0
DA:173,0
DA:176,0
DA:178,0
DA:179,0
DA:180,0
DA:181,0
DA:183,0
DA:190,0
DA:193,0
DA:195,0
DA:197,0
DA:198,0
DA:199,0
DA:201,0
LF:77
LH:7
end_of_record
SF:lib/features/content/data/datasources/content_remote_data_source.dart
DA:33,1
DA:35,1
DA:41,4
DA:42,2
DA:47,4
DA:49,2
DA:50,1
DA:51,3
DA:53,1
DA:56,3
DA:57,1
DA:58,2
DA:59,1
DA:60,0
DA:61,0
DA:62,0
DA:63,2
DA:64,2
DA:66,0
DA:68,0
DA:69,0
DA:72,1
DA:74,2
DA:76,1
DA:78,0
DA:79,0
DA:80,0
DA:83,1
DA:85,0
DA:90,0
DA:91,0
DA:92,0
DA:95,0
DA:97,1
DA:99,1
DA:103,0
DA:107,0
DA:108,0
DA:109,0
DA:113,0
DA:114,0
DA:115,0
DA:116,0
DA:117,0
DA:118,0
DA:122,0
DA:124,0
DA:127,0
DA:128,0
DA:129,0
DA:130,0
DA:131,0
DA:133,0
DA:135,0
DA:137,0
DA:141,0
DA:145,0
DA:146,0
DA:147,0
DA:150,0
DA:153,0
DA:154,0
DA:155,0
DA:156,0
DA:157,0
DA:158,0
DA:162,0
DA:164,0
DA:167,0
DA:168,0
DA:169,0
DA:170,0
DA:172,0
DA:174,0
DA:176,0
DA:180,0
DA:185,0
DA:187,0
DA:188,0
DA:189,0
DA:190,0
DA:191,0
DA:193,0
DA:195,0
DA:197,0
DA:201,0
DA:204,0
DA:206,0
DA:207,0
DA:208,0
DA:211,0
DA:213,0
DA:215,0
DA:219,0
DA:222,0
DA:223,0
DA:224,0
DA:225,0
DA:226,0
DA:231,0
DA:233,0
DA:234,0
DA:235,0
DA:236,0
DA:238,0
DA:240,0
DA:242,0
DA:246,0
DA:249,0
DA:251,0
DA:254,0
DA:255,0
DA:256,0
DA:257,0
DA:258,0
DA:260,0
DA:262,0
DA:264,0
DA:268,0
DA:271,0
DA:273,0
DA:274,0
DA:275,0
DA:276,0
DA:277,0
DA:279,0
DA:281,0
DA:283,0
DA:287,0
DA:290,0
DA:292,0
DA:293,0
DA:296,0
DA:297,0
DA:298,0
DA:299,0
DA:300,0
DA:301,0
DA:306,0
DA:307,0
DA:308,0
DA:310,0
DA:311,0
DA:313,0
DA:315,0
DA:319,0
DA:323,0
DA:325,0
DA:328,0
DA:329,0
DA:330,0
DA:331,0
DA:333,0
DA:334,0
DA:336,0
DA:337,0
DA:339,0
DA:341,0
DA:345,0
DA:349,0
DA:351,0
DA:358,0
DA:359,0
DA:361,0
DA:363,0
DA:364,0
DA:366,0
DA:368,0
LF:168
LH:21
end_of_record
SF:lib/features/content/domain/usecases/get_media_house_offers.dart
DA:11,0
DA:13,0
DA:16,0
LF:3
LH:0
end_of_record
SF:lib/features/content/domain/usecases/get_content_transactions.dart
DA:13,0
DA:15,0
DA:18,0
DA:19,0
DA:28,0
DA:34,0
DA:35,0
LF:7
LH:0
end_of_record
SF:lib/features/account_settings/presentation/bloc/account_settings_bloc.dart
DA:17,1
DA:21,2
DA:22,2
DA:23,2
DA:24,2
DA:27,1
DA:31,2
DA:32,3
DA:33,1
DA:34,0
DA:35,3
DA:39,1
DA:43,2
DA:45,4
DA:46,1
DA:47,0
DA:48,2
DA:52,1
DA:56,2
DA:57,3
DA:58,2
DA:59,1
DA:60,0
DA:61,2
LF:24
LH:21
end_of_record
SF:lib/features/account_settings/presentation/bloc/faq/faq_event.dart
DA:4,5
DA:6,0
DA:7,0
DA:15,0
DA:21,0
DA:22,0
DA:23,0
DA:24,0
DA:25,0
DA:32,0
DA:34,0
DA:35,0
DA:42,5
DA:44,0
DA:45,0
DA:51,0
DA:53,0
DA:54,0
DA:60,0
DA:62,0
DA:63,0
LF:21
LH:2
end_of_record
SF:lib/features/account_settings/presentation/bloc/faq/faq_state.dart
DA:14,5
DA:24,0
DA:33,0
DA:34,0
DA:35,0
DA:37,0
DA:38,0
DA:39,0
DA:40,0
DA:41,0
DA:45,0
DA:46,0
DA:47,0
DA:48,0
DA:49,0
DA:50,0
DA:51,0
DA:52,0
DA:53,0
LF:19
LH:1
end_of_record
SF:lib/features/account_settings/presentation/bloc/faq/faq_bloc.dart
DA:21,0
DA:25,0
DA:26,0
DA:27,0
DA:28,0
DA:29,0
DA:30,0
DA:33,0
DA:37,0
DA:41,0
DA:42,0
DA:44,0
DA:47,0
DA:51,0
DA:53,0
DA:54,0
DA:55,0
DA:56,0
DA:57,0
DA:58,0
DA:62,0
DA:63,0
DA:64,0
DA:65,0
DA:66,0
DA:67,0
DA:68,0
DA:69,0
DA:70,0
DA:71,0
DA:73,0
DA:82,0
DA:83,0
DA:84,0
DA:87,0
DA:92,0
DA:94,0
DA:100,0
DA:104,0
DA:105,0
DA:107,0
DA:108,0
DA:109,0
DA:110,0
DA:111,0
DA:112,0
DA:114,0
DA:115,0
DA:118,0
DA:119,0
DA:123,0
DA:126,0
DA:130,0
DA:131,0
DA:132,0
DA:136,0
DA:137,0
DA:138,0
DA:143,0
DA:144,0
DA:150,0
DA:151,0
DA:152,0
DA:153,0
DA:154,0
DA:163,0
DA:167,0
DA:169,0
DA:170,0
DA:171,0
DA:173,0
DA:176,0
DA:180,0
DA:181,0
DA:183,0
DA:186,0
DA:187,0
DA:188,0
DA:189,0
DA:190,0
LF:80
LH:0
end_of_record
SF:lib/features/rating/data/repositories/rating_repository_impl.dart
DA:15,0
DA:20,0
DA:32,0
DA:34,0
DA:35,0
DA:36,0
DA:39,0
DA:40,0
DA:41,0
DA:42,0
DA:43,0
DA:44,0
DA:45,0
DA:47,0
DA:48,0
DA:49,0
DA:50,0
DA:52,0
DA:55,0
DA:59,0
DA:61,0
DA:63,0
DA:66,0
DA:67,0
DA:68,0
DA:69,0
DA:70,0
DA:71,0
DA:72,0
DA:73,0
DA:74,0
DA:75,0
DA:77,0
DA:80,0
LF:34
LH:0
end_of_record
SF:lib/features/rating/data/datasources/rating_remote_datasource.dart
DA:16,0
DA:18,0
DA:22,0
DA:23,0
DA:26,0
DA:27,0
DA:28,0
DA:29,0
DA:30,0
DA:32,0
DA:35,0
DA:39,0
DA:42,0
DA:43,0
DA:45,0
DA:46,0
DA:47,0
DA:48,0
DA:49,0
DA:51,0
DA:54,0
LF:21
LH:0
end_of_record
SF:lib/features/account_settings/domain/usecases/get_faqs.dart
DA:12,0
DA:14,0
DA:16,0
DA:17,0
DA:26,0
DA:32,0
DA:33,0
LF:7
LH:0
end_of_record
SF:lib/features/account_settings/domain/usecases/get_price_tips.dart
DA:12,0
DA:14,0
DA:16,0
DA:17,0
DA:26,0
DA:32,0
DA:33,0
LF:7
LH:0
end_of_record
SF:lib/features/account_settings/domain/usecases/get_faq_categories.dart
DA:12,0
DA:14,0
DA:17,0
DA:24,0
LF:4
LH:0
end_of_record
SF:lib/features/account_settings/domain/usecases/delete_account.dart
DA:10,0
DA:12,0
DA:14,0
DA:21,1
DA:23,0
DA:24,0
LF:6
LH:1
end_of_record
SF:lib/features/account_settings/data/repositories/account_settings_repository_impl.dart
DA:14,1
DA:19,0
DA:22,0
DA:24,0
DA:25,0
DA:26,0
DA:27,0
DA:29,0
DA:36,1
DA:38,2
DA:40,2
DA:41,1
DA:42,1
DA:43,0
DA:45,3
DA:52,0
DA:55,0
DA:57,0
DA:58,0
DA:59,0
DA:60,0
DA:62,0
DA:69,0
DA:72,0
DA:75,0
DA:76,0
DA:77,0
DA:78,0
DA:80,0
DA:87,0
DA:90,0
DA:92,0
DA:93,0
DA:94,0
DA:95,0
DA:97,0
LF:36
LH:7
end_of_record
SF:lib/features/account_settings/data/datasources/account_settings_remote_datasource.dart
DA:22,1
DA:24,0
DA:27,0
DA:32,0
DA:33,0
DA:35,0
DA:36,0
DA:37,0
DA:38,0
DA:39,0
DA:42,0
DA:43,0
DA:47,0
DA:51,1
DA:54,2
DA:55,2
DA:56,1
DA:57,1
DA:58,1
DA:62,1
DA:66,0
DA:69,0
DA:71,0
DA:72,0
DA:79,0
DA:80,0
DA:81,0
DA:82,0
DA:83,0
DA:84,0
DA:85,0
DA:86,0
DA:87,0
DA:88,0
DA:89,0
DA:92,0
DA:96,0
DA:100,0
DA:104,0
DA:106,0
DA:113,0
DA:114,0
DA:115,0
DA:116,0
DA:117,0
DA:118,0
DA:120,0
DA:124,0
DA:128,0
DA:131,0
DA:133,0
DA:136,0
DA:137,0
DA:138,0
DA:140,0
DA:141,0
DA:142,0
DA:143,0
DA:144,0
DA:145,0
DA:146,0
DA:147,0
DA:150,0
DA:154,0
LF:64
LH:8
end_of_record
SF:lib/features/authentication/data/repositories/auth_repository_impl.dart
DA:16,1
DA:22,1
DA:24,2
DA:26,2
DA:27,2
DA:28,6
DA:29,3
DA:30,1
DA:31,2
DA:32,6
DA:33,3
DA:35,0
DA:38,2
DA:43,1
DA:45,1
DA:46,1
DA:47,1
DA:49,0
DA:56,1
DA:57,3
DA:58,1
DA:59,1
DA:60,1
DA:61,1
DA:62,1
DA:63,1
DA:68,0
DA:71,0
DA:73,0
DA:75,0
DA:76,0
DA:77,0
DA:79,0
DA:80,0
DA:81,0
DA:82,0
DA:83,0
DA:85,0
DA:92,0
DA:94,0
DA:96,0
DA:97,0
DA:98,0
DA:99,0
DA:100,0
DA:101,0
DA:102,0
DA:103,0
DA:105,0
DA:106,0
DA:107,0
DA:108,0
DA:109,0
DA:111,0
DA:118,0
DA:120,0
DA:121,0
DA:123,0
DA:124,0
DA:127,0
DA:129,0
DA:131,0
DA:133,0
DA:134,0
DA:135,0
DA:136,0
DA:138,0
DA:139,0
DA:140,0
DA:143,0
DA:148,0
DA:150,0
DA:152,0
DA:159,0
DA:161,0
DA:162,0
DA:163,0
DA:165,0
DA:173,0
DA:176,0
DA:177,0
DA:179,0
DA:180,0
DA:181,0
DA:182,0
DA:184,0
DA:190,0
DA:191,0
DA:195,0
DA:197,0
DA:199,0
DA:200,0
DA:201,0
DA:202,0
DA:204,0
DA:211,0
DA:214,0
[...]
DA:148,0
DA:149,0
DA:150,0
DA:151,0
DA:152,0
DA:153,0
DA:154,0
DA:155,0
DA:156,0
DA:157,0
DA:158,0
DA:159,0
DA:163,0
DA:164,0
DA:165,0
DA:166,0
DA:167,0
DA:168,0
DA:169,0
DA:170,0
DA:171,0
DA:172,0
DA:173,0
DA:174,0
DA:175,0
DA:176,0
DA:177,0
DA:178,0
DA:179,0
DA:180,0
DA:181,0
DA:182,0
DA:183,0
LF:61
LH:0
end_of_record
SF:lib/features/task/domain/entities/task_media.dart
DA:15,0
DA:28,0
DA:29,0
DA:30,0
DA:31,0
DA:32,0
DA:33,0
DA:34,0
DA:35,0
DA:36,0
DA:37,0
DA:38,0
DA:39,0
LF:13
LH:0
end_of_record
SF:lib/features/task/domain/mappers/task_assigned_mapper.dart
DA:5,0
DA:6,0
DA:7,0
DA:8,0
DA:9,0
DA:15,0
DA:19,0
DA:23,0
DA:27,0
DA:31,0
LF:10
LH:0
end_of_record
SF:lib/features/task/presentation/bloc/task_event.dart
DA:5,0
DA:7,0
DA:8,0
DA:13,0
DA:14,0
DA:15,0
DA:22,0
DA:27,0
DA:28,0
DA:35,0
DA:40,0
DA:41,0
DA:46,0
DA:54,0
DA:60,0
DA:61,0
DA:66,0
DA:67,0
DA:68,0
DA:73,0
DA:74,0
DA:75,0
DA:81,0
DA:85,0
DA:86,0
DA:92,0
DA:93,0
DA:94,0
DA:99,0
DA:100,0
DA:101,0
DA:106,0
DA:107,0
DA:108,0
LF:34
LH:0
end_of_record
SF:lib/features/task/presentation/bloc/task_state.dart
DA:11,6
DA:13,1
DA:14,1
DA:16,0
DA:17,0
DA:18,0
DA:19,0
DA:20,0
DA:29,1
DA:30,1
DA:31,2
DA:36,0
DA:37,0
DA:38,0
DA:43,0
DA:44,0
DA:45,0
DA:50,1
DA:51,1
DA:52,2
DA:57,1
DA:58,1
DA:59,2
DA:64,1
DA:65,1
DA:66,2
DA:71,1
DA:72,1
DA:73,2
DA:78,0
DA:79,0
DA:80,0
DA:89,6
DA:96,1
DA:98,5
LF:35
LH:21
end_of_record
SF:lib/features/task/presentation/pages/broadcast_chat/MediaPreviewScreen.dart
DA:16,0
DA:22,0
DA:23,0
DA:29,0
DA:31,0
DA:32,0
DA:34,0
DA:35,0
DA:36,0
DA:37,0
DA:38,0
DA:39,0
DA:40,0
DA:41,0
DA:42,0
DA:43,0
DA:44,0
DA:47,0
DA:48,0
DA:49,0
DA:50,0
DA:51,0
DA:52,0
DA:54,0
DA:55,0
DA:56,0
DA:62,0
DA:63,0
DA:64,0
DA:65,0
DA:66,0
DA:68,0
DA:70,0
DA:72,0
DA:73,0
DA:77,0
DA:78,0
DA:79,0
DA:86,0
DA:90,0
DA:92,0
DA:94,0
DA:95,0
DA:96,0
DA:97,0
DA:98,0
DA:99,0
DA:100,0
DA:101,0
DA:102,0
DA:103,0
DA:106,0
DA:107,0
DA:108,0
DA:110,0
DA:111,0
DA:115,0
DA:117,0
DA:118,0
DA:120,0
DA:121,0
DA:123,0
DA:124,0
DA:129,0
DA:130,0
DA:135,0
DA:136,0
DA:142,0
DA:143,0
DA:144,0
DA:145,0
DA:146,0
DA:147,0
DA:148,0
DA:151,0
DA:152,0
DA:153,0
DA:159,0
DA:160,0
DA:167,0
DA:168,0
DA:169,0
DA:170,0
DA:171,0
DA:172,0
DA:173,0
DA:174,0
DA:175,0
DA:177,0
DA:178,0
DA:180,0
DA:183,0
DA:186,0
DA:188,0
DA:189,0
DA:190,0
DA:191,0
DA:192,0
DA:193,0
DA:195,0
DA:198,0
LF:101
LH:0
end_of_record
SF:lib/features/task/presentation/pages/broadcast_chat/broadCastChatTaskScreen.dart
DA:49,0
DA:54,0
DA:56,0
DA:92,0
DA:93,0
DA:94,0
DA:95,0
DA:97,0
DA:98,0
DA:99,0
DA:100,0
DA:101,0
DA:102,0
DA:103,0
DA:104,0
DA:105,0
DA:109,0
DA:113,0
DA:114,0
DA:118,0
DA:120,0
DA:121,0
DA:122,0
DA:123,0
DA:124,0
DA:126,0
DA:127,0
DA:153,0
DA:154,0
DA:155,0
DA:156,0
DA:157,0
DA:161,0
DA:164,0
DA:165,0
DA:167,0
DA:169,0
DA:170,0
DA:171,0
DA:175,0
DA:176,0
DA:179,0
DA:180,0
DA:182,0
DA:184,0
DA:187,0
DA:191,0
DA:193,0
DA:194,0
DA:195,0
DA:196,0
DA:199,0
DA:200,0
DA:201,0
DA:205,0
DA:206,0
DA:207,0
DA:208,0
DA:210,0
DA:212,0
DA:213,0
DA:215,0
DA:217,0
DA:219,0
DA:220,0
DA:223,0
DA:226,0
DA:228,0
DA:229,0
DA:230,0
DA:231,0
DA:232,0
DA:233,0
DA:236,0
DA:237,0
DA:241,0
DA:242,0
DA:243,0
DA:245,0
DA:246,0
DA:247,0
DA:248,0
DA:250,0
DA:251,0
DA:254,0
DA:259,0
DA:260,0
DA:261,0
DA:262,0
DA:263,0
DA:265,0
DA:267,0
DA:268,0
DA:271,0
DA:272,0
DA:273,0
DA:276,0
DA:278,0
DA:281,0
DA:287,0
DA:288,0
DA:290,0
DA:291,0
DA:292,0
DA:293,0
DA:294,0
DA:295,0
DA:296,0
DA:298,0
DA:300,0
DA:301,0
DA:304,0
DA:305,0
DA:309,0
DA:310,0
DA:311,0
DA:312,0
DA:313,0
DA:314,0
DA:315,0
DA:316,0
DA:317,0
DA:318,0
DA:319,0
DA:320,0
DA:321,0
DA:324,0
DA:325,0
DA:326,0
DA:337,0
DA:338,0
DA:339,0
DA:340,0
DA:341,0
DA:342,0
DA:343,0
DA:346,0
DA:347,0
DA:348,0
DA:350,0
DA:351,0
DA:355,0
DA:357,0
DA:358,0
DA:360,0
DA:361,0
DA:362,0
DA:363,0
DA:365,0
DA:366,0
DA:367,0
DA:368,0
DA:369,0
DA:374,0
DA:383,0
DA:384,0
DA:385,0
DA:386,0
DA:387,0
DA:388,0
DA:389,0
DA:390,0
DA:391,0
DA:392,0
DA:393,0
DA:394,0
DA:395,0
DA:396,0
DA:397,0
DA:398,0
DA:399,0
DA:401,0
DA:402,0
DA:404,0
DA:405,0
DA:406,0
DA:408,0
DA:409,0
DA:410,0
DA:413,0
DA:415,0
DA:420,0
DA:421,0
DA:424,0
DA:425,0
DA:426,0
DA:429,0
DA:430,0
DA:431,0
DA:432,0
DA:433,0
DA:434,0
DA:435,0
DA:437,0
DA:438,0
DA:440,0
DA:441,0
DA:450,0
DA:451,0
DA:453,0
DA:454,0
DA:455,0
DA:456,0
DA:462,0
DA:463,0
DA:465,0
DA:466,0
DA:467,0
DA:468,0
DA:469,0
DA:470,0
DA:472,0
DA:473,0
DA:474,0
DA:476,0
DA:480,0
DA:482,0
DA:484,0
DA:488,0
DA:489,0
DA:491,0
DA:492,0
DA:493,0
DA:495,0
DA:496,0
DA:499,0
DA:500,0
DA:501,0
DA:502,0
DA:503,0
DA:504,0
DA:506,0
DA:515,0
DA:516,0
DA:517,0
DA:518,0
DA:520,0
DA:521,0
DA:522,0
DA:524,0
DA:528,0
DA:530,0
DA:532,0
DA:536,0
DA:537,0
DA:539,0
DA:541,0
DA:542,0
DA:544,0
DA:545,0
DA:547,0
DA:548,0
DA:549,0
DA:550,0
DA:551,0
DA:552,0
DA:554,0
DA:563,0
DA:564,0
DA:565,0
DA:566,0
DA:568,0
DA:569,0
DA:570,0
DA:572,0
DA:576,0
DA:578,0
DA:580,0
DA:584,0
DA:585,0
DA:587,0
DA:588,0
DA:589,0
DA:591,0
DA:592,0
DA:594,0
DA:595,0
DA:596,0
DA:597,0
DA:598,0
DA:599,0
DA:601,0
DA:612,0
DA:613,0
DA:618,0
DA:620,0
DA:621,0
DA:624,0
DA:627,0
DA:633,0
DA:634,0
DA:636,0
DA:637,0
DA:638,0
DA:640,0
DA:641,0
DA:644,0
DA:645,0
DA:646,0
DA:647,0
DA:648,0
DA:649,0
DA:650,0
DA:651,0
DA:653,0
DA:654,0
DA:655,0
DA:659,0
DA:660,0
DA:661,0
DA:662,0
DA:663,0
DA:664,0
DA:665,0
DA:666,0
DA:667,0
DA:669,0
DA:670,0
DA:671,0
DA:672,0
DA:673,0
DA:675,0
DA:677,0
DA:678,0
DA:680,0
DA:682,0
DA:684,0
DA:686,0
DA:687,0
DA:689,0
DA:690,0
DA:692,0
DA:696,0
DA:699,0
DA:702,0
DA:703,0
DA:704,0
DA:705,0
DA:706,0
DA:707,0
DA:708,0
DA:709,0
DA:710,0
DA:712,0
DA:715,0
DA:716,0
DA:717,0
DA:723,0
DA:724,0
DA:725,0
DA:726,0
DA:727,0
DA:728,0
DA:729,0
DA:730,0
DA:732,0
DA:733,0
DA:734,0
DA:736,0
DA:737,0
DA:738,0
DA:739,0
DA:744,0
DA:745,0
DA:746,0
DA:748,0
DA:749,0
DA:750,0
DA:753,0
DA:754,0
DA:755,0
DA:759,0
DA:760,0
DA:761,0
DA:762,0
DA:766,0
DA:767,0
DA:770,0
DA:771,0
DA:773,0
DA:774,0
DA:777,0
DA:778,0
DA:779,0
DA:782,0
DA:783,0
DA:784,0
DA:785,0
DA:787,0
DA:788,0
DA:794,0
DA:795,0
DA:797,0
DA:798,0
DA:799,0
DA:800,0
DA:801,0
DA:802,0
DA:803,0
DA:806,0
DA:807,0
DA:809,0
DA:811,0
DA:813,0
DA:815,0
DA:817,0
DA:818,0
DA:819,0
DA:821,0
DA:822,0
DA:827,0
DA:828,0
DA:830,0
DA:832,0
DA:836,0
DA:838,0
DA:839,0
DA:841,0
DA:845,0
DA:848,0
DA:850,0
DA:854,0
DA:856,0
DA:857,0
DA:858,0
DA:860,0
DA:865,0
DA:866,0
DA:868,0
DA:871,0
DA:872,0
DA:873,0
DA:874,0
DA:875,0
DA:878,0
DA:879,0
DA:880,0
DA:881,0
DA:882,0
DA:883,0
DA:884,0
DA:885,0
DA:886,0
DA:887,0
DA:888,0
DA:891,0
DA:892,0
DA:902,0
DA:903,0
DA:904,0
DA:905,0
DA:908,0
DA:909,0
DA:912,0
DA:913,0
DA:915,0
DA:916,0
DA:919,0
DA:920,0
DA:921,0
DA:924,0
DA:925,0
DA:926,0
DA:927,0
DA:929,0
DA:930,0
DA:936,0
DA:937,0
DA:939,0
DA:940,0
DA:941,0
DA:942,0
DA:943,0
DA:944,0
DA:945,0
DA:947,0
DA:949,0
DA:951,0
DA:953,0
DA:955,0
DA:957,0
DA:959,0
DA:960,0
DA:961,0
DA:963,0
DA:964,0
DA:965,0
DA:967,0
DA:971,0
DA:972,0
DA:974,0
DA:976,0
DA:980,0
DA:982,0
DA:983,0
DA:985,0
DA:989,0
DA:992,0
DA:994,0
DA:998,0
DA:1000,0
DA:1002,0
DA:1006,0
DA:1008,0
DA:1010,0
DA:1015,0
DA:1016,0
DA:1018,0
DA:1021,0
DA:1022,0
DA:1023,0
DA:1024,0
DA:1025,0
DA:1028,0
DA:1029,0
DA:1030,0
DA:1031,0
DA:1032,0
DA:1033,0
DA:1034,0
DA:1040,0
DA:1041,0
DA:1051,0
DA:1052,0
DA:1053,0
DA:1054,0
DA:1064,0
DA:1065,0
DA:1067,0
DA:1068,0
DA:1070,0
DA:1073,0
DA:1074,0
DA:1076,0
DA:1077,0
DA:1078,0
DA:1079,0
DA:1081,0
DA:1082,0
DA:1088,0
DA:1089,0
DA:1091,0
DA:1092,0
DA:1094,0
DA:1095,0
DA:1096,0
DA:1097,0
DA:1098,0
DA:1099,0
DA:1100,0
DA:1101,0
DA:1102,0
DA:1103,0
DA:1105,0
DA:1106,0
DA:1107,0
DA:1108,0
DA:1109,0
DA:1113,0
DA:1114,0
DA:1115,0
DA:1119,0
DA:1121,0
DA:1122,0
DA:1140,0
DA:1142,0
DA:1143,0
DA:1144,0
DA:1146,0
DA:1147,0
DA:1149,0
DA:1150,0
DA:1151,0
DA:1153,0
DA:1154,0
DA:1157,0
DA:1158,0
DA:1159,0
DA:1164,0
DA:1165,0
DA:1167,0
DA:1168,0
DA:1169,0
DA:1174,0
DA:1176,0
DA:1177,0
DA:1178,0
DA:1179,0
DA:1181,0
DA:1184,0
DA:1185,0
DA:1187,0
DA:1196,0
DA:1197,0
DA:1198,0
DA:1199,0
DA:1200,0
DA:1201,0
DA:1202,0
DA:1203,0
DA:1204,0
DA:1206,0
DA:1212,0
DA:1215,0
DA:1216,0
DA:1217,0
DA:1222,0
DA:1225,0
DA:1231,0
DA:1232,0
DA:1234,0
DA:1235,0
DA:1236,0
DA:1237,0
DA:1241,0
DA:1243,0
DA:1244,0
DA:1246,0
DA:1247,0
DA:1249,0
DA:1250,0
DA:1251,0
DA:1253,0
DA:1254,0
DA:1257,0
DA:1259,0
DA:1265,0
DA:1266,0
DA:1268,0
DA:1269,0
DA:1270,0
DA:1272,0
DA:1275,0
DA:1276,0
DA:1278,0
DA:1279,0
DA:1280,0
DA:1282,0
DA:1286,0
DA:1287,0
DA:1289,0
DA:1291,0
DA:1294,0
DA:1295,0
DA:1297,0
DA:1298,0
DA:1299,0
DA:1300,0
DA:1301,0
DA:1304,0
DA:1306,0
DA:1314,0
DA:1315,0
DA:1321,0
DA:1323,0
DA:1324,0
DA:1327,0
DA:1328,0
DA:1329,0
DA:1334,0
DA:1336,0
DA:1337,0
DA:1339,0
DA:1340,0
DA:1341,0
DA:1343,0
DA:1344,0
DA:1345,0
DA:1346,0
DA:1348,0
DA:1350,0
DA:1353,0
DA:1357,0
DA:1358,0
DA:1359,0
DA:1360,0
DA:1361,0
DA:1362,0
DA:1363,0
DA:1364,0
DA:1365,0
DA:1367,0
DA:1368,0
DA:1371,0
DA:1372,0
DA:1375,0
DA:1377,0
DA:1378,0
DA:1380,0
DA:1387,0
DA:1388,0
DA:1390,0
DA:1391,0
DA:1392,0
DA:1393,0
DA:1397,0
DA:1399,0
DA:1400,0
DA:1402,0
DA:1403,0
DA:1405,0
DA:1406,0
DA:1407,0
DA:1409,0
DA:1410,0
DA:1413,0
DA:1415,0
DA:1421,0
DA:1422,0
DA:1424,0
DA:1425,0
DA:1426,0
DA:1428,0
DA:1431,0
DA:1432,0
DA:1434,0
DA:1435,0
DA:1436,0
DA:1438,0
DA:1442,0
DA:1443,0
DA:1445,0
DA:1447,0
DA:1450,0
DA:1451,0
DA:1453,0
DA:1454,0
DA:1455,0
DA:1456,0
DA:1457,0
DA:1460,0
DA:1462,0
DA:1470,0
DA:1471,0
DA:1478,0
DA:1480,0
DA:1481,0
DA:1484,0
DA:1485,0
DA:1486,0
DA:1487,0
DA:1494,0
DA:1496,0
DA:1497,0
DA:1499,0
DA:1500,0
DA:1501,0
DA:1502,0
DA:1503,0
DA:1505,0
DA:1508,0
DA:1509,0
DA:1510,0
DA:1511,0
DA:1513,0
DA:1514,0
DA:1516,0
DA:1518,0
DA:1519,0
DA:1520,0
DA:1522,0
DA:1523,0
DA:1530,0
DA:1531,0
DA:1532,0
DA:1533,0
DA:1534,0
DA:1535,0
DA:1537,0
DA:1538,0
DA:1540,0
DA:1546,0
DA:1548,0
DA:1549,0
DA:1551,0
DA:1552,0
DA:1558,0
DA:1559,0
DA:1561,0
DA:1562,0
DA:1563,0
DA:1564,0
DA:1568,0
DA:1570,0
DA:1572,0
DA:1573,0
DA:1574,0
DA:1575,0
DA:1577,0
DA:1578,0
DA:1579,0
DA:1581,0
DA:1582,0
DA:1587,0
DA:1588,0
DA:1589,0
DA:1591,0
DA:1592,0
DA:1595,0
DA:1597,0
DA:1599,0
DA:1600,0
DA:1606,0
DA:1607,0
DA:1609,0
DA:1610,0
DA:1611,0
DA:1613,0
DA:1616,0
DA:1617,0
DA:1619,0
DA:1620,0
DA:1621,0
DA:1623,0
DA:1627,0
DA:1628,0
DA:1630,0
DA:1632,0
DA:1635,0
DA:1636,0
DA:1638,0
DA:1639,0
DA:1640,0
DA:1641,0
DA:1642,0
DA:1645,0
DA:1647,0
DA:1655,0
DA:1656,0
DA:1663,0
DA:1665,0
DA:1666,0
DA:1668,0
DA:1669,0
DA:1670,0
DA:1673,0
DA:1674,0
DA:1676,0
DA:1677,0
DA:1678,0
DA:1679,0
DA:1681,0
DA:1682,0
DA:1688,0
DA:1689,0
DA:1691,0
DA:1692,0
DA:1693,0
DA:1694,0
DA:1695,0
DA:1696,0
DA:1697,0
DA:1698,0
DA:1699,0
DA:1700,0
DA:1701,0
DA:1702,0
DA:1704,0
DA:1705,0
DA:1706,0
DA:1708,0
DA:1709,0
DA:1710,0
DA:1712,0
DA:1716,0
DA:1717,0
DA:1719,0
DA:1721,0
DA:1725,0
DA:1726,0
DA:1727,0
DA:1728,0
DA:1729,0
DA:1731,0
DA:1732,0
DA:1733,0
DA:1734,0
DA:1735,0
DA:1737,0
DA:1738,0
DA:1739,0
DA:1740,0
DA:1741,0
DA:1743,0
DA:1744,0
DA:1745,0
DA:1746,0
DA:1747,0
DA:1748,0
DA:1749,0
DA:1750,0
DA:1751,0
DA:1752,0
DA:1753,0
DA:1754,0
DA:1755,0
DA:1756,0
DA:1757,0
DA:1758,0
DA:1759,0
DA:1760,0
DA:1761,0
DA:1763,0
DA:1779,0
DA:1782,0
DA:1784,0
DA:1786,0
DA:1787,0
DA:1790,0
DA:1791,0
DA:1793,0
DA:1794,0
DA:1795,0
DA:1796,0
DA:1798,0
DA:1799,0
DA:1805,0
DA:1806,0
DA:1808,0
DA:1809,0
DA:1810,0
DA:1811,0
DA:1812,0
DA:1813,0
DA:1814,0
DA:1815,0
DA:1816,0
DA:1817,0
DA:1818,0
DA:1819,0
DA:1821,0
DA:1822,0
DA:1823,0
DA:1825,0
DA:1826,0
DA:1827,0
DA:1829,0
DA:1833,0
DA:1834,0
DA:1836,0
DA:1838,0
DA:1842,0
DA:1843,0
DA:1844,0
DA:1846,0
DA:1850,0
DA:1852,0
DA:1854,0
DA:1858,0
DA:1860,0
DA:1862,0
DA:1866,0
DA:1868,0
DA:1870,0
DA:1874,0
DA:1875,0
DA:1876,0
DA:1878,0
DA:1884,0
DA:1885,0
DA:1887,0
DA:1888,0
DA:1889,0
DA:1890,0
DA:1893,0
DA:1894,0
DA:1895,0
DA:1905,0
DA:1906,0
DA:1909,0
DA:1911,0
DA:1913,0
DA:1915,0
DA:1916,0
DA:1919,0
DA:1920,0
DA:1922,0
DA:1923,0
DA:1924,0
DA:1925,0
DA:1927,0
DA:1928,0
DA:1934,0
DA:1935,0
DA:1937,0
DA:1938,0
DA:1939,0
DA:1940,0
DA:1941,0
DA:1942,0
DA:1943,0
DA:1944,0
DA:1945,0
DA:1946,0
DA:1947,0
DA:1948,0
DA:1950,0
DA:1951,0
DA:1952,0
DA:1954,0
DA:1955,0
DA:1956,0
DA:1958,0
DA:1962,0
DA:1963,0
DA:1965,0
DA:1967,0
DA:1971,0
DA:1972,0
DA:1973,0
DA:1975,0
DA:1979,0
DA:1981,0
DA:1983,0
DA:1987,0
DA:1989,0
DA:1991,0
DA:1995,0
DA:1997,0
DA:1999,0
DA:2005,0
DA:2006,0
DA:2008,0
DA:2009,0
DA:2010,0
DA:2011,0
DA:2014,0
DA:2015,0
DA:2016,0
DA:2017,0
DA:2030,0
DA:2031,0
DA:2033,0
DA:2035,0
DA:2036,0
DA:2037,0
DA:2038,0
DA:2041,0
DA:2042,0
DA:2044,0
DA:2046,0
DA:2049,0
DA:2050,0
DA:2052,0
DA:2053,0
DA:2054,0
DA:2055,0
DA:2056,0
DA:2057,0
DA:2058,0
DA:2059,0
DA:2060,0
DA:2061,0
DA:2062,0
DA:2063,0
DA:2064,0
DA:2066,0
DA:2067,0
DA:2068,0
DA:2070,0
DA:2071,0
DA:2072,0
DA:2074,0
DA:2078,0
DA:2079,0
DA:2081,0
DA:2082,0
DA:2083,0
DA:2084,0
DA:2087,0
DA:2088,0
DA:2089,0
DA:2098,0
DA:2099,0
DA:2101,0
DA:2104,0
DA:2105,0
DA:2107,0
DA:2108,0
DA:2109,0
DA:2110,0
DA:2112,0
DA:2113,0
DA:2115,0
DA:2116,0
DA:2123,0
DA:2124,0
DA:2126,0
DA:2127,0
DA:2128,0
DA:2129,0
DA:2131,0
DA:2132,0
DA:2133,0
DA:2134,0
DA:2135,0
DA:2136,0
DA:2138,0
DA:2139,0
DA:2140,0
DA:2141,0
DA:2142,0
DA:2143,0
DA:2145,0
DA:2146,0
DA:2147,0
DA:2149,0
DA:2151,0
DA:2153,0
DA:2157,0
DA:2158,0
DA:2160,0
DA:2161,0
DA:2162,0
DA:2163,0
DA:2164,0
DA:2165,0
DA:2166,0
DA:2167,0
DA:2168,0
DA:2169,0
DA:2170,0
DA:2173,0
DA:2177,0
DA:2183,0
DA:2185,0
DA:2187,0
DA:2190,0
DA:2192,0
DA:2193,0
DA:2194,0
DA:2198,0
DA:2200,0
DA:2202,0
DA:2203,0
DA:2204,0
DA:2211,0
DA:2212,0
DA:2214,0
DA:2215,0
DA:2216,0
DA:2217,0
DA:2218,0
DA:2219,0
DA:2220,0
DA:2221,0
DA:2222,0
DA:2226,0
DA:2231,0
DA:2236,0
DA:2241,0
DA:2247,0
DA:2249,0
DA:2251,0
DA:2254,0
DA:2256,0
DA:2257,0
DA:2258,0
DA:2262,0
DA:2264,0
DA:2266,0
DA:2267,0
DA:2268,0
DA:2277,0
DA:2278,0
DA:2287,0
DA:2288,0
DA:2290,0
DA:2291,0
DA:2293,0
DA:2296,0
DA:2297,0
DA:2299,0
DA:2300,0
DA:2301,0
DA:2302,0
DA:2304,0
DA:2305,0
DA:2311,0
DA:2312,0
DA:2314,0
DA:2315,0
DA:2317,0
DA:2318,0
DA:2319,0
DA:2320,0
DA:2321,0
DA:2322,0
DA:2323,0
DA:2324,0
DA:2325,0
DA:2326,0
DA:2328,0
DA:2330,0
DA:2340,0
DA:2342,0
DA:2343,0
DA:2344,0
DA:2346,0
DA:2348,0
DA:2349,0
DA:2351,0
DA:2352,0
DA:2353,0
DA:2356,0
DA:2357,0
DA:2359,0
DA:2361,0
DA:2362,0
DA:2363,0
DA:2366,0
DA:2367,0
DA:2371,0
DA:2372,0
DA:2374,0
DA:2375,0
DA:2376,0
DA:2377,0
DA:2378,0
DA:2379,0
DA:2380,0
DA:2382,0
DA:2383,0
DA:2384,0
DA:2385,0
DA:2386,0
DA:2388,0
DA:2390,0
DA:2391,0
DA:2392,0
DA:2394,0
DA:2397,0
DA:2398,0
DA:2399,0
DA:2400,0
DA:2401,0
DA:2406,0
DA:2407,0
DA:2410,0
DA:2412,0
DA:2416,0
DA:2417,0
DA:2418,0
DA:2420,0
DA:2426,0
DA:2427,0
DA:2428,0
DA:2429,0
DA:2430,0
DA:2433,0
DA:2434,0
DA:2435,0
DA:2436,0
DA:2439,0
DA:2441,0
DA:2442,0
DA:2444,0
DA:2445,0
DA:2446,0
DA:2447,0
DA:2450,0
DA:2451,0
DA:2458,0
DA:2459,0
DA:2461,0
DA:2464,0
DA:2465,0
DA:2468,0
DA:2469,0
DA:2471,0
DA:2473,0
DA:2474,0
DA:2476,0
DA:2477,0
DA:2481,0
DA:2482,0
DA:2484,0
DA:2485,0
DA:2486,0
DA:2494,0
DA:2495,0
DA:2502,0
DA:2504,0
DA:2505,0
DA:2506,0
DA:2507,0
DA:2510,0
DA:2511,0
DA:2513,0
DA:2515,0
DA:2516,0
DA:2517,0
DA:2520,0
DA:2521,0
DA:2525,0
DA:2526,0
DA:2528,0
DA:2529,0
DA:2530,0
DA:2531,0
DA:2532,0
DA:2533,0
DA:2534,0
DA:2535,0
DA:2537,0
DA:2538,0
DA:2539,0
DA:2540,0
DA:2541,0
DA:2543,0
DA:2545,0
DA:2546,0
DA:2547,0
DA:2549,0
DA:2550,0
DA:2555,0
DA:2556,0
DA:2558,0
DA:2560,0
DA:2564,0
DA:2565,0
DA:2566,0
DA:2568,0
DA:2572,0
DA:2574,0
DA:2576,0
DA:2580,0
DA:2581,0
DA:2583,0
DA:2584,0
DA:2586,0
DA:2591,0
DA:2592,0
DA:2594,0
DA:2595,0
DA:2597,0
DA:2599,0
DA:2600,0
DA:2601,0
DA:2602,0
DA:2603,0
DA:2606,0
DA:2607,0
DA:2608,0
DA:2609,0
DA:2610,0
DA:2611,0
DA:2615,0
DA:2616,0
DA:2625,0
DA:2627,0
DA:2628,0
DA:2629,0
DA:2630,0
DA:2633,0
DA:2634,0
DA:2636,0
DA:2638,0
DA:2639,0
DA:2640,0
DA:2643,0
DA:2644,0
DA:2648,0
DA:2649,0
DA:2651,0
DA:2652,0
DA:2653,0
DA:2654,0
DA:2655,0
DA:2656,0
DA:2657,0
DA:2658,0
DA:2660,0
DA:2661,0
DA:2662,0
DA:2663,0
DA:2664,0
DA:2666,0
DA:2668,0
DA:2669,0
DA:2670,0
DA:2672,0
DA:2673,0
DA:2674,0
DA:2676,0
DA:2680,0
DA:2681,0
DA:2683,0
DA:2685,0
DA:2689,0
DA:2690,0
DA:2692,0
DA:2693,0
DA:2695,0
DA:2699,0
DA:2701,0
DA:2703,0
DA:2707,0
DA:2709,0
DA:2711,0
DA:2715,0
DA:2717,0
DA:2719,0
DA:2724,0
DA:2725,0
DA:2727,0
DA:2729,0
DA:2730,0
DA:2731,0
DA:2732,0
DA:2733,0
DA:2736,0
DA:2737,0
DA:2738,0
DA:2739,0
DA:2745,0
DA:2746,0
DA:2760,0
DA:2761,0
DA:2763,0
DA:2764,0
DA:2766,0
DA:2767,0
DA:2768,0
DA:2771,0
DA:2772,0
DA:2774,0
DA:2776,0
DA:2777,0
DA:2778,0
DA:2781,0
DA:2782,0
DA:2786,0
DA:2787,0
DA:2789,0
DA:2790,0
DA:2791,0
DA:2792,0
DA:2793,0
DA:2794,0
DA:2795,0
DA:2796,0
DA:2798,0
DA:2799,0
DA:2800,0
DA:2801,0
DA:2802,0
DA:2804,0
DA:2806,0
DA:2807,0
DA:2808,0
DA:2810,0
DA:2811,0
DA:2812,0
DA:2814,0
DA:2816,0
DA:2821,0
DA:2822,0
DA:2824,0
DA:2826,0
DA:2827,0
DA:2828,0
DA:2829,0
DA:2831,0
DA:2832,0
DA:2833,0
DA:2835,0
DA:2837,0
DA:2839,0
DA:2841,0
DA:2842,0
DA:2851,0
DA:2852,0
DA:2854,0
DA:2855,0
DA:2856,0
DA:2857,0
DA:2858,0
DA:2859,0
DA:2860,0
DA:2861,0
DA:2862,0
DA:2865,0
DA:2867,0
DA:2868,0
DA:2869,0
DA:2870,0
DA:2871,0
DA:2875,0
DA:2876,0
DA:2877,0
DA:2878,0
DA:2879,0
DA:2883,0
DA:2886,0
DA:2888,0
DA:2892,0
DA:2893,0
DA:2895,0
DA:2896,0
DA:2897,0
DA:2898,0
DA:2903,0
DA:2905,0
DA:2907,0
DA:2908,0
DA:2910,0
DA:2912,0
DA:2913,0
DA:2914,0
DA:2915,0
DA:2916,0
DA:2917,0
DA:2919,0
DA:2920,0
DA:2922,0
DA:2923,0
DA:2924,0
DA:2925,0
DA:2927,0
DA:2928,0
DA:2929,0
DA:2930,0
DA:2932,0
DA:2935,0
DA:2937,0
DA:2938,0
DA:2939,0
DA:2940,0
DA:2942,0
DA:2949,0
DA:2950,0
DA:2951,0
DA:2952,0
DA:2953,0
DA:2955,0
DA:2956,0
DA:2957,0
DA:2962,0
DA:2963,0
DA:2971,0
DA:2972,0
DA:2973,0
DA:2974,0
DA:2975,0
DA:2976,0
DA:2977,0
DA:2979,0
DA:2980,0
DA:2982,0
DA:2985,0
DA:2986,0
DA:2987,0
DA:2988,0
DA:2989,0
DA:2990,0
DA:2991,0
DA:2993,0
DA:2994,0
DA:2995,0
DA:2996,0
DA:3000,0
DA:3001,0
DA:3005,0
DA:3009,0
DA:3010,0
DA:3011,0
DA:3012,0
DA:3014,0
DA:3016,0
DA:3022,0
DA:3023,0
DA:3026,0
DA:3027,0
DA:3028,0
DA:3033,0
DA:3034,0
DA:3036,0
DA:3038,0
DA:3043,0
DA:3045,0
DA:3047,0
DA:3051,0
DA:3052,0
DA:3053,0
DA:3054,0
DA:3058,0
DA:3060,0
DA:3062,0
DA:3066,0
DA:3068,0
DA:3070,0
DA:3073,0
DA:3074,0
DA:3075,0
DA:3076,0
DA:3079,0
DA:3082,0
DA:3084,0
DA:3090,0
DA:3091,0
DA:3098,0
DA:3099,0
DA:3102,0
DA:3107,0
DA:3113,0
DA:3115,0
DA:3117,0
DA:3118,0
DA:3121,0
DA:3127,0
DA:3130,0
DA:3131,0
DA:3132,0
DA:3133,0
DA:3134,0
DA:3135,0
DA:3137,0
DA:3141,0
DA:3142,0
DA:3143,0
DA:3144,0
DA:3145,0
DA:3147,0
DA:3148,0
DA:3150,0
DA:3152,0
DA:3153,0
DA:3156,0
DA:3158,0
DA:3159,0
DA:3160,0
DA:3161,0
DA:3163,0
DA:3167,0
DA:3168,0
DA:3169,0
DA:3170,0
DA:3171,0
DA:3172,0
DA:3173,0
DA:3174,0
DA:3175,0
DA:3176,0
DA:3178,0
DA:3181,0
DA:3184,0
DA:3185,0
DA:3188,0
DA:3207,0
DA:3213,0
DA:3214,0
DA:3215,0
DA:3216,0
DA:3218,0
DA:3219,0
DA:3222,0
DA:3224,0
DA:3226,0
DA:3227,0
DA:3228,0
DA:3229,0
DA:3235,0
DA:3240,0
DA:3241,0
DA:3244,0
DA:3245,0
DA:3246,0
DA:3254,0
DA:3255,0
DA:3256,0
DA:3259,0
DA:3262,0
DA:3266,0
DA:3267,0
DA:3268,0
DA:3269,0
DA:3270,0
DA:3271,0
DA:3272,0
DA:3273,0
DA:3274,0
DA:3275,0
DA:3280,0
DA:3282,0
DA:3283,0
DA:3284,0
DA:3289,0
DA:3291,0
DA:3293,0
DA:3294,0
DA:3295,0
DA:3296,0
DA:3297,0
DA:3300,0
DA:3301,0
DA:3303,0
DA:3307,0
DA:3308,0
DA:3312,0
DA:3313,0
DA:3314,0
DA:3315,0
DA:3318,0
DA:3319,0
DA:3320,0
DA:3322,0
DA:3323,0
DA:3324,0
DA:3325,0
DA:3327,0
DA:3328,0
DA:3329,0
DA:3330,0
DA:3331,0
DA:3332,0
DA:3333,0
DA:3335,0
DA:3336,0
DA:3338,0
DA:3340,0
DA:3345,0
DA:3346,0
DA:3347,0
DA:3349,0
DA:3350,0
DA:3354,0
DA:3355,0
DA:3357,0
DA:3358,0
DA:3359,0
DA:3360,0
DA:3361,0
DA:3362,0
DA:3363,0
DA:3364,0
DA:3365,0
DA:3366,0
DA:3367,0
DA:3369,0
DA:3371,0
DA:3373,0
DA:3375,0
DA:3377,0
DA:3378,0
DA:3379,0
DA:3382,0
DA:3383,0
DA:3384,0
DA:3385,0
DA:3387,0
DA:3389,0
DA:3391,0
DA:3399,0
DA:3400,0
DA:3402,0
DA:3403,0
DA:3404,0
DA:3405,0
DA:3406,0
DA:3407,0
DA:3409,0
DA:3410,0
DA:3412,0
DA:3414,0
DA:3416,0
DA:3417,0
DA:3418,0
DA:3421,0
DA:3422,0
DA:3424,0
DA:3426,0
DA:3427,0
DA:3429,0
DA:3431,0
DA:3433,0
DA:3444,0
DA:3445,0
DA:3552,0
DA:3561,0
DA:3564,0
DA:3565,0
DA:3572,0
DA:3574,0
DA:3575,0
DA:3576,0
DA:3577,0
DA:3578,0
DA:3584,0
DA:3586,0
DA:3587,0
DA:3590,0
DA:3592,0
DA:3594,0
DA:3596,0
DA:3597,0
DA:3599,0
DA:3602,0
DA:3603,0
DA:3605,0
DA:3607,0
DA:3608,0
DA:3614,0
DA:3616,0
DA:3618,0
LF:1805
LH:0
end_of_record
